\BOOKMARK [1][-]{section*.2}{\376\377\000L\000i\000s\000t\000\040\000o\000f\000\040\000F\000i\000g\000u\000r\000e\000s}{}% 1
\BOOKMARK [1][-]{section*.3}{\376\377\000L\000i\000s\000t\000\040\000o\000f\000\040\000T\000a\000b\000l\000e\000s}{}% 2
\BOOKMARK [1][-]{section.1}{\376\377\000Q\000u\000e\000s\000t\000i\000o\000n\000\040\0001}{}% 3
\BOOKMARK [2][-]{section*.5}{\376\377\000A}{section.1}% 4
\BOOKMARK [2][-]{figure.3}{\376\377\000B}{section.1}% 5
\BOOKMARK [1][-]{section.2}{\376\377\000Q\000u\000e\000s\000t\000i\000o\000n\000\040\0002}{}% 6
\BOOKMARK [2][-]{section*.6}{\376\377\000A}{section.2}% 7
\BOOKMARK [2][-]{figure.6}{\376\377\000B}{section.2}% 8
\BOOKMARK [1][-]{section.3}{\376\377\000Q\000u\000e\000s\000t\000i\000o\000n\000\040\0003}{}% 9
\BOOKMARK [1][-]{section.4}{\376\377\000Q\000u\000e\000s\000t\000i\000o\000n\000\040\0004}{}% 10
\BOOKMARK [2][-]{section*.7}{\376\377\000A}{section.4}% 11
\BOOKMARK [3][-]{Item.29}{\376\377\000E\000x\000a\000m\000p\000l\000e\000\040\0000}{section.4}% 12
\BOOKMARK [3][-]{Item.33}{\376\377\000E\000x\000a\000m\000p\000l\000e\000\040\0001}{section.4}% 13
\BOOKMARK [3][-]{Item.37}{\376\377\000E\000x\000a\000m\000p\000l\000e\000\040\0002}{section.4}% 14
\BOOKMARK [3][-]{Item.41}{\376\377\000E\000x\000a\000m\000p\000l\000e\000\040\0003}{section.4}% 15
\BOOKMARK [3][-]{Item.45}{\376\377\000E\000x\000a\000m\000p\000l\000e\000\040\0004}{section.4}% 16
\BOOKMARK [2][-]{Item.49}{\376\377\000B}{section.4}% 17
\BOOKMARK [3][-]{Item.50}{\376\377\000E\000x\000a\000m\000p\000l\000e\000\040\0005}{Item.49}% 18
\BOOKMARK [3][-]{Item.54}{\376\377\000E\000x\000a\000m\000p\000l\000e\000\040\0006}{Item.49}% 19
\BOOKMARK [3][-]{Item.58}{\376\377\000E\000x\000a\000m\000p\000l\000e\000\040\0007}{Item.49}% 20
\BOOKMARK [3][-]{Item.62}{\376\377\000E\000x\000a\000m\000p\000l\000e\000\040\0008}{Item.49}% 21
\BOOKMARK [3][-]{Item.66}{\376\377\000E\000x\000a\000m\000p\000l\000e\000\040\0009}{Item.49}% 22
\BOOKMARK [2][-]{Item.70}{\376\377\000C}{section.4}% 23
\BOOKMARK [1][-]{section.5}{\376\377\000Q\000u\000e\000s\000t\000i\000o\000n\000\040\0005}{}% 24
\BOOKMARK [2][-]{section*.8}{\376\377\000A}{section.5}% 25
\BOOKMARK [2][-]{Item.84}{\376\377\000B}{section.5}% 26
\BOOKMARK [1][-]{section.6}{\376\377\000C\000h\000a\000l\000l\000e\000n\000g\000e\000s\000\040\000F\000a\000c\000e\000d}{}% 27
\BOOKMARK [1][-]{section.7}{\376\377\000C\000o\000n\000c\000l\000u\000s\000i\000o\000n}{}% 28
\BOOKMARK [1][-]{section.8}{\376\377\000R\000e\000f\000e\000r\000e\000n\000c\000e\000s}{}% 29
\BOOKMARK [1][-]{section*.9}{\376\377\000A\000p\000p\000e\000n\000d\000i\000c\000e\000s}{}% 30
\BOOKMARK [1][-]{appendix.1.A}{\376\377\000C\000\040\000C\000o\000d\000e\000\040\000f\000o\000r\000\040\000t\000h\000e\000\040\000I\000m\000p\000l\000e\000m\000e\000n\000t\000a\000t\000i\000o\000n}{}% 31
