\BOOKMARK [1][-]{section*.2}{\376\377\000L\000i\000s\000t\000\040\000o\000f\000\040\000F\000i\000g\000u\000r\000e\000s}{}% 1
\BOOKMARK [1][-]{section*.3}{\376\377\000L\000i\000s\000t\000\040\000o\000f\000\040\000T\000a\000b\000l\000e\000s}{}% 2
\BOOKMARK [1][-]{section.1}{\376\377\000Q\000u\000e\000s\000t\000i\000o\000n\000\040\0001}{}% 3
\BOOKMARK [2][-]{Item.3}{\376\377\000A\000P\000I\000\040\000E\000x\000p\000l\000a\000n\000a\000t\000i\000o\000n\000:}{section.1}% 4
\BOOKMARK [2][-]{subsection.1.2}{\376\377\000C\000o\000d\000e\000\040\000F\000l\000o\000w\000:}{section.1}% 5
\BOOKMARK [2][-]{subsection.1.3}{\376\377\000O\000u\000t\000p\000u\000t\000\040\000A\000n\000a\000l\000y\000s\000i\000s\000:}{section.1}% 6
\BOOKMARK [2][-]{subsection.1.4}{\376\377\000S\000E\000Q\000G\000E\000N\0002\000x}{section.1}% 7
\BOOKMARK [2][-]{subsection.1.5}{\376\377\000C\000o\000m\000p\000a\000r\000i\000s\000o\000n\000\040\000w\000i\000t\000h\000\040\000L\000i\000n\000u\000x\000\040\000a\000n\000d\000\040\000F\000r\000e\000e\000R\000T\000O\000S\000:}{section.1}% 8
\BOOKMARK [2][-]{subsection.1.6}{\376\377\000D\000,\000\040\000C\000,\000\040\000a\000n\000d\000\040\000T\000\040\000T\000a\000b\000l\000e\000\040\000f\000o\000r\000\040\000A\000l\000l\000\040\000S\000e\000r\000v\000i\000c\000e\000s\000:}{section.1}% 9
\BOOKMARK [2][-]{subsection.1.7}{\376\377\000C\000h\000e\000d\000d\000a\000r\000\040\000S\000c\000h\000e\000d\000u\000l\000e\000\040\000a\000n\000d\000\040\000C\000P\000U\000\040\000U\000t\000i\000l\000i\000z\000a\000t\000i\000o\000n\000:}{section.1}% 10
\BOOKMARK [2][-]{subsection.1.8}{\376\377\000L\000o\000g\000s}{section.1}% 11
\BOOKMARK [1][-]{section.2}{\376\377\000Q\000u\000e\000s\000t\000i\000o\000n\000\040\0002}{}% 12
\BOOKMARK [2][-]{Item.38}{\376\377\0003\0000\000\040\000H\000z\000\040\000s\000e\000q\000u\000e\000n\000c\000e\000r}{section.2}% 13
\BOOKMARK [3][-]{subsubsection.2.1.1}{\376\377\000C\000,\000\040\000D\000,\000\040\000T}{Item.38}% 14
\BOOKMARK [3][-]{subsubsection.2.1.2}{\376\377\000C\000h\000e\000d\000d\000a\000r}{Item.38}% 15
\BOOKMARK [2][-]{subsection.2.2}{\376\377\000T\000I\000V\000A\000\040\000f\000r\000e\000e\000R\000T\000O\000S\000\040\000s\000i\000m\000i\000l\000a\000r\000\040\000t\000o\000\040\000s\000e\000q\000g\000e\000n\0002\000x\000\050\0003\0000\0000\000H\000z\000\051}{section.2}% 16
\BOOKMARK [3][-]{subsubsection.2.2.1}{\376\377\000C\000,\000\040\000T\000,\000\040\000D}{subsection.2.2}% 17
\BOOKMARK [3][-]{subsubsection.2.2.2}{\376\377\000C\000h\000e\000d\000d\000a\000r}{subsection.2.2}% 18
\BOOKMARK [2][-]{subsection.2.3}{\376\377\000L\000o\000g\000s}{section.2}% 19
\BOOKMARK [1][-]{section.3}{\376\377\000Q\000u\000e\000s\000t\000i\000o\000n\000\040\0003}{}% 20
\BOOKMARK [2][-]{subsection.3.1}{\376\377\000o\000u\000t\000p\000u\000t}{section.3}% 21
\BOOKMARK [3][-]{subsubsection.3.1.1}{\376\377\000C\000,\000\040\000T\000,\000\040\000D}{subsection.3.1}% 22
\BOOKMARK [3][-]{subsubsection.3.1.2}{\376\377\000C\000h\000e\000d\000d\000a\000r}{subsection.3.1}% 23
\BOOKMARK [2][-]{subsection.3.2}{\376\377\000c\000o\000n\000c\000l\000u\000s\000i\000o\000n}{section.3}% 24
\BOOKMARK [2][-]{subsection.3.3}{\376\377\000L\000o\000g\000s}{section.3}% 25
\BOOKMARK [1][-]{section.4}{\376\377\000R\000e\000f\000e\000r\000e\000n\000c\000e\000s}{}% 26
\BOOKMARK [1][-]{section*.5}{\376\377\000A\000p\000p\000e\000n\000d\000i\000c\000e\000s}{}% 27
\BOOKMARK [1][-]{appendix.1.A}{\376\377\000C\000\040\000C\000o\000d\000e\000\040\000f\000o\000r\000\040\000t\000h\000e\000\040\000I\000m\000p\000l\000e\000m\000e\000n\000t\000a\000t\000i\000o\000n}{}% 28
