\BOOKMARK [1][-]{section*.2}{\376\377\000L\000i\000s\000t\000\040\000o\000f\000\040\000F\000i\000g\000u\000r\000e\000s}{}% 1
\BOOKMARK [1][-]{section*.3}{\376\377\000L\000i\000s\000t\000\040\000o\000f\000\040\000T\000a\000b\000l\000e\000s}{}% 2
\BOOKMARK [1][-]{section.1}{\376\377\000Q\000u\000e\000s\000t\000i\000o\000n\000\040\0001}{}% 3
\BOOKMARK [2][-]{section*.5}{\376\377\000A}{section.1}% 4
\BOOKMARK [2][-]{Item.3}{\376\377\000B}{section.1}% 5
\BOOKMARK [2][-]{Item.4}{\376\377\000C}{section.1}% 6
\BOOKMARK [2][-]{Item.5}{\376\377\000D}{section.1}% 7
\BOOKMARK [1][-]{section.2}{\376\377\000Q\000u\000e\000s\000t\000i\000o\000n\000\040\0002}{}% 8
\BOOKMARK [2][-]{section*.6}{\376\377\000A}{section.2}% 9
\BOOKMARK [2][-]{Item.13}{\376\377\000B}{section.2}% 10
\BOOKMARK [2][-]{lstnumber.-3.37}{\376\377\000C}{section.2}% 11
\BOOKMARK [1][-]{section.3}{\376\377\000Q\000u\000e\000s\000t\000i\000o\000n\000\040\0003}{}% 12
\BOOKMARK [1][-]{section.4}{\376\377\000Q\000u\000e\000s\000t\000i\000o\000n\000\040\0004}{}% 13
\BOOKMARK [2][-]{section*.7}{\376\377\000A}{section.4}% 14
\BOOKMARK [2][-]{Item.30}{\376\377\000B}{section.4}% 15
\BOOKMARK [1][-]{section.5}{\376\377\000Q\000u\000e\000s\000t\000i\000o\000n\000\040\0005}{}% 16
\BOOKMARK [2][-]{section*.8}{\376\377\000A}{section.5}% 17
\BOOKMARK [2][-]{Item.32}{\376\377\000B}{section.5}% 18
\BOOKMARK [1][-]{Item.36}{\376\377\000Q\000u\000e\000s\000t\000i\000o\000n\000\040\0006}{}% 19
\BOOKMARK [1][-]{section.7}{\376\377\000R\000e\000f\000e\000r\000e\000n\000c\000e\000s}{}% 20
\BOOKMARK [1][-]{section*.9}{\376\377\000A\000p\000p\000e\000n\000d\000i\000c\000e\000s}{}% 21
\BOOKMARK [1][-]{appendix.1.A}{\376\377\000C\000\040\000C\000o\000d\000e\000\040\000f\000o\000r\000\040\000t\000h\000e\000\040\000I\000m\000p\000l\000e\000m\000e\000n\000t\000a\000t\000i\000o\000n}{}% 22
