Build output check failed:
    Regex: 'argument .* is not valid'
    Output line: 'cc1: warning: ‘-Werror=’ argument ‘-Werror=non-virtual-dtor’ is not valid for C'
Compilation failed:
    source file: '/home/parth/Work/All_Data/university/RTES_ECEN5623/Assignments/OpenCV/build/CMakeFiles/CMakeTmp/src.c'
    check option: ' -fsigned-char -W -Wall -Werror=return-type  -Werror=non-virtual-dtor'
===== BUILD LOG =====
Change Dir: /home/parth/Work/All_Data/university/RTES_ECEN5623/Assignments/OpenCV/build/CMakeFiles/CMakeTmp

Run Build Command(s):/usr/bin/gmake -f Makefile cmTC_92e74/fast && /usr/bin/gmake  -f CMakeFiles/cmTC_92e74.dir/build.make CMakeFiles/cmTC_92e74.dir/build
gmake[1]: Entering directory '/home/parth/Work/All_Data/university/RTES_ECEN5623/Assignments/OpenCV/build/CMakeFiles/CMakeTmp'
Building C object CMakeFiles/cmTC_92e74.dir/src.c.o
/usr/bin/cc   -O3 -DNDEBUG -fPIE    -fsigned-char -W -Wall -Werror=return-type  -Werror=non-virtual-dtor -o CMakeFiles/cmTC_92e74.dir/src.c.o -c /home/parth/Work/All_Data/university/RTES_ECEN5623/Assignments/OpenCV/build/CMakeFiles/CMakeTmp/src.c
cc1: warning: ‘-Werror=’ argument ‘-Werror=non-virtual-dtor’ is not valid for C
/home/parth/Work/All_Data/university/RTES_ECEN5623/Assignments/OpenCV/build/CMakeFiles/CMakeTmp/src.c:1: warning: ignoring ‘#pragma  ’ [-Wunknown-pragmas]
    1 | #pragma
      | 
Linking C executable cmTC_92e74
/usr/bin/cmake -E cmake_link_script CMakeFiles/cmTC_92e74.dir/link.txt --verbose=1
/usr/bin/cc -O3 -DNDEBUG CMakeFiles/cmTC_92e74.dir/src.c.o -o cmTC_92e74 
gmake[1]: Leaving directory '/home/parth/Work/All_Data/university/RTES_ECEN5623/Assignments/OpenCV/build/CMakeFiles/CMakeTmp'


===== END =====

Build output check failed:
    Regex: 'command[- ]line option .* is valid for .* but not for C\+\+'
    Output line: 'cc1plus: warning: command-line option ‘-Wmissing-prototypes’ is valid for C/ObjC but not for C++'
Compilation failed:
    source file: '/home/parth/Work/All_Data/university/RTES_ECEN5623/Assignments/OpenCV/build/CMakeFiles/CMakeTmp/src.cxx'
    check option: ' -fsigned-char -W -Wall -Werror=return-type -Werror=non-virtual-dtor -Werror=address -Werror=sequence-point -Wformat -Werror=format-security -Wmissing-declarations  -Wmissing-prototypes'
===== BUILD LOG =====
Change Dir: /home/parth/Work/All_Data/university/RTES_ECEN5623/Assignments/OpenCV/build/CMakeFiles/CMakeTmp

Run Build Command(s):/usr/bin/gmake -f Makefile cmTC_18dac/fast && /usr/bin/gmake  -f CMakeFiles/cmTC_18dac.dir/build.make CMakeFiles/cmTC_18dac.dir/build
gmake[1]: Entering directory '/home/parth/Work/All_Data/university/RTES_ECEN5623/Assignments/OpenCV/build/CMakeFiles/CMakeTmp'
Building CXX object CMakeFiles/cmTC_18dac.dir/src.cxx.o
/usr/bin/c++   -O3 -DNDEBUG -fPIE    -fsigned-char -W -Wall -Werror=return-type -Werror=non-virtual-dtor -Werror=address -Werror=sequence-point -Wformat -Werror=format-security -Wmissing-declarations  -Wmissing-prototypes -std=c++11 -o CMakeFiles/cmTC_18dac.dir/src.cxx.o -c /home/parth/Work/All_Data/university/RTES_ECEN5623/Assignments/OpenCV/build/CMakeFiles/CMakeTmp/src.cxx
cc1plus: warning: command-line option ‘-Wmissing-prototypes’ is valid for C/ObjC but not for C++
/home/parth/Work/All_Data/university/RTES_ECEN5623/Assignments/OpenCV/build/CMakeFiles/CMakeTmp/src.cxx:1: warning: ignoring ‘#pragma  ’ [-Wunknown-pragmas]
    1 | #pragma
      | 
Linking CXX executable cmTC_18dac
/usr/bin/cmake -E cmake_link_script CMakeFiles/cmTC_18dac.dir/link.txt --verbose=1
/usr/bin/c++ -O3 -DNDEBUG CMakeFiles/cmTC_18dac.dir/src.cxx.o -o cmTC_18dac 
gmake[1]: Leaving directory '/home/parth/Work/All_Data/university/RTES_ECEN5623/Assignments/OpenCV/build/CMakeFiles/CMakeTmp'


===== END =====

Build output check failed:
    Regex: 'command[- ]line option .* is valid for .* but not for C\+\+'
    Output line: 'cc1plus: warning: command-line option ‘-Wstrict-prototypes’ is valid for C/ObjC but not for C++'
Compilation failed:
    source file: '/home/parth/Work/All_Data/university/RTES_ECEN5623/Assignments/OpenCV/build/CMakeFiles/CMakeTmp/src.cxx'
    check option: ' -fsigned-char -W -Wall -Werror=return-type -Werror=non-virtual-dtor -Werror=address -Werror=sequence-point -Wformat -Werror=format-security -Wmissing-declarations  -Wstrict-prototypes'
===== BUILD LOG =====
Change Dir: /home/parth/Work/All_Data/university/RTES_ECEN5623/Assignments/OpenCV/build/CMakeFiles/CMakeTmp

Run Build Command(s):/usr/bin/gmake -f Makefile cmTC_8d294/fast && /usr/bin/gmake  -f CMakeFiles/cmTC_8d294.dir/build.make CMakeFiles/cmTC_8d294.dir/build
gmake[1]: Entering directory '/home/parth/Work/All_Data/university/RTES_ECEN5623/Assignments/OpenCV/build/CMakeFiles/CMakeTmp'
Building CXX object CMakeFiles/cmTC_8d294.dir/src.cxx.o
/usr/bin/c++   -O3 -DNDEBUG -fPIE    -fsigned-char -W -Wall -Werror=return-type -Werror=non-virtual-dtor -Werror=address -Werror=sequence-point -Wformat -Werror=format-security -Wmissing-declarations  -Wstrict-prototypes -std=c++11 -o CMakeFiles/cmTC_8d294.dir/src.cxx.o -c /home/parth/Work/All_Data/university/RTES_ECEN5623/Assignments/OpenCV/build/CMakeFiles/CMakeTmp/src.cxx
cc1plus: warning: command-line option ‘-Wstrict-prototypes’ is valid for C/ObjC but not for C++
/home/parth/Work/All_Data/university/RTES_ECEN5623/Assignments/OpenCV/build/CMakeFiles/CMakeTmp/src.cxx:1: warning: ignoring ‘#pragma  ’ [-Wunknown-pragmas]
    1 | #pragma
      | 
Linking CXX executable cmTC_8d294
/usr/bin/cmake -E cmake_link_script CMakeFiles/cmTC_8d294.dir/link.txt --verbose=1
/usr/bin/c++ -O3 -DNDEBUG CMakeFiles/cmTC_8d294.dir/src.cxx.o -o cmTC_8d294 
gmake[1]: Leaving directory '/home/parth/Work/All_Data/university/RTES_ECEN5623/Assignments/OpenCV/build/CMakeFiles/CMakeTmp'


===== END =====

Build output check failed:
    Regex: 'command[- ]line option .* is valid for .* but not for C'
    Output line: 'cc1: warning: command-line option ‘-Wsign-promo’ is valid for C++/ObjC++ but not for C'
Compilation failed:
    source file: '/home/parth/Work/All_Data/university/RTES_ECEN5623/Assignments/OpenCV/build/CMakeFiles/CMakeTmp/src.c'
    check option: ' -fsigned-char -W -Wall -Werror=return-type -Werror=address -Werror=sequence-point -Wformat -Werror=format-security -Wmissing-declarations -Wmissing-prototypes -Wstrict-prototypes -Wundef -Winit-self -Wpointer-arith -Wshadow  -Wsign-promo'
===== BUILD LOG =====
Change Dir: /home/parth/Work/All_Data/university/RTES_ECEN5623/Assignments/OpenCV/build/CMakeFiles/CMakeTmp

Run Build Command(s):/usr/bin/gmake -f Makefile cmTC_f2d8b/fast && /usr/bin/gmake  -f CMakeFiles/cmTC_f2d8b.dir/build.make CMakeFiles/cmTC_f2d8b.dir/build
gmake[1]: Entering directory '/home/parth/Work/All_Data/university/RTES_ECEN5623/Assignments/OpenCV/build/CMakeFiles/CMakeTmp'
Building C object CMakeFiles/cmTC_f2d8b.dir/src.c.o
/usr/bin/cc   -O3 -DNDEBUG -fPIE    -fsigned-char -W -Wall -Werror=return-type -Werror=address -Werror=sequence-point -Wformat -Werror=format-security -Wmissing-declarations -Wmissing-prototypes -Wstrict-prototypes -Wundef -Winit-self -Wpointer-arith -Wshadow  -Wsign-promo -o CMakeFiles/cmTC_f2d8b.dir/src.c.o -c /home/parth/Work/All_Data/university/RTES_ECEN5623/Assignments/OpenCV/build/CMakeFiles/CMakeTmp/src.c
cc1: warning: command-line option ‘-Wsign-promo’ is valid for C++/ObjC++ but not for C
/home/parth/Work/All_Data/university/RTES_ECEN5623/Assignments/OpenCV/build/CMakeFiles/CMakeTmp/src.c:1: warning: ignoring ‘#pragma  ’ [-Wunknown-pragmas]
    1 | #pragma
      | 
Linking C executable cmTC_f2d8b
/usr/bin/cmake -E cmake_link_script CMakeFiles/cmTC_f2d8b.dir/link.txt --verbose=1
/usr/bin/cc -O3 -DNDEBUG CMakeFiles/cmTC_f2d8b.dir/src.c.o -o cmTC_f2d8b 
gmake[1]: Leaving directory '/home/parth/Work/All_Data/university/RTES_ECEN5623/Assignments/OpenCV/build/CMakeFiles/CMakeTmp'


===== END =====

Build output check failed:
    Regex: 'command[- ]line option .* is valid for .* but not for C'
    Output line: 'cc1: warning: command-line option ‘-Wsuggest-override’ is valid for C++/ObjC++ but not for C'
Compilation failed:
    source file: '/home/parth/Work/All_Data/university/RTES_ECEN5623/Assignments/OpenCV/build/CMakeFiles/CMakeTmp/src.c'
    check option: ' -fsigned-char -W -Wall -Werror=return-type -Werror=address -Werror=sequence-point -Wformat -Werror=format-security -Wmissing-declarations -Wmissing-prototypes -Wstrict-prototypes -Wundef -Winit-self -Wpointer-arith -Wshadow -Wuninitialized -Winit-self  -Wsuggest-override'
===== BUILD LOG =====
Change Dir: /home/parth/Work/All_Data/university/RTES_ECEN5623/Assignments/OpenCV/build/CMakeFiles/CMakeTmp

Run Build Command(s):/usr/bin/gmake -f Makefile cmTC_75af7/fast && /usr/bin/gmake  -f CMakeFiles/cmTC_75af7.dir/build.make CMakeFiles/cmTC_75af7.dir/build
gmake[1]: Entering directory '/home/parth/Work/All_Data/university/RTES_ECEN5623/Assignments/OpenCV/build/CMakeFiles/CMakeTmp'
Building C object CMakeFiles/cmTC_75af7.dir/src.c.o
/usr/bin/cc   -O3 -DNDEBUG -fPIE    -fsigned-char -W -Wall -Werror=return-type -Werror=address -Werror=sequence-point -Wformat -Werror=format-security -Wmissing-declarations -Wmissing-prototypes -Wstrict-prototypes -Wundef -Winit-self -Wpointer-arith -Wshadow -Wuninitialized -Winit-self  -Wsuggest-override -o CMakeFiles/cmTC_75af7.dir/src.c.o -c /home/parth/Work/All_Data/university/RTES_ECEN5623/Assignments/OpenCV/build/CMakeFiles/CMakeTmp/src.c
cc1: warning: command-line option ‘-Wsuggest-override’ is valid for C++/ObjC++ but not for C
/home/parth/Work/All_Data/university/RTES_ECEN5623/Assignments/OpenCV/build/CMakeFiles/CMakeTmp/src.c:1: warning: ignoring ‘#pragma  ’ [-Wunknown-pragmas]
    1 | #pragma
      | 
Linking C executable cmTC_75af7
/usr/bin/cmake -E cmake_link_script CMakeFiles/cmTC_75af7.dir/link.txt --verbose=1
/usr/bin/cc -O3 -DNDEBUG CMakeFiles/cmTC_75af7.dir/src.c.o -o cmTC_75af7 
gmake[1]: Leaving directory '/home/parth/Work/All_Data/university/RTES_ECEN5623/Assignments/OpenCV/build/CMakeFiles/CMakeTmp'


===== END =====

Build output check failed:
    Regex: 'command[- ]line option .* is valid for .* but not for C'
    Output line: 'cc1: warning: command-line option ‘-Wno-delete-non-virtual-dtor’ is valid for C++/ObjC++ but not for C'
Compilation failed:
    source file: '/home/parth/Work/All_Data/university/RTES_ECEN5623/Assignments/OpenCV/build/CMakeFiles/CMakeTmp/src.c'
    check option: ' -fsigned-char -W -Wall -Werror=return-type -Werror=address -Werror=sequence-point -Wformat -Werror=format-security -Wmissing-declarations -Wmissing-prototypes -Wstrict-prototypes -Wundef -Winit-self -Wpointer-arith -Wshadow -Wuninitialized -Winit-self  -Wno-delete-non-virtual-dtor'
===== BUILD LOG =====
Change Dir: /home/parth/Work/All_Data/university/RTES_ECEN5623/Assignments/OpenCV/build/CMakeFiles/CMakeTmp

Run Build Command(s):/usr/bin/gmake -f Makefile cmTC_12127/fast && /usr/bin/gmake  -f CMakeFiles/cmTC_12127.dir/build.make CMakeFiles/cmTC_12127.dir/build
gmake[1]: Entering directory '/home/parth/Work/All_Data/university/RTES_ECEN5623/Assignments/OpenCV/build/CMakeFiles/CMakeTmp'
Building C object CMakeFiles/cmTC_12127.dir/src.c.o
/usr/bin/cc   -O3 -DNDEBUG -fPIE    -fsigned-char -W -Wall -Werror=return-type -Werror=address -Werror=sequence-point -Wformat -Werror=format-security -Wmissing-declarations -Wmissing-prototypes -Wstrict-prototypes -Wundef -Winit-self -Wpointer-arith -Wshadow -Wuninitialized -Winit-self  -Wno-delete-non-virtual-dtor -o CMakeFiles/cmTC_12127.dir/src.c.o -c /home/parth/Work/All_Data/university/RTES_ECEN5623/Assignments/OpenCV/build/CMakeFiles/CMakeTmp/src.c
cc1: warning: command-line option ‘-Wno-delete-non-virtual-dtor’ is valid for C++/ObjC++ but not for C
/home/parth/Work/All_Data/university/RTES_ECEN5623/Assignments/OpenCV/build/CMakeFiles/CMakeTmp/src.c:1: warning: ignoring ‘#pragma  ’ [-Wunknown-pragmas]
    1 | #pragma
      | 
Linking C executable cmTC_12127
/usr/bin/cmake -E cmake_link_script CMakeFiles/cmTC_12127.dir/link.txt --verbose=1
/usr/bin/cc -O3 -DNDEBUG CMakeFiles/cmTC_12127.dir/src.c.o -o cmTC_12127 
gmake[1]: Leaving directory '/home/parth/Work/All_Data/university/RTES_ECEN5623/Assignments/OpenCV/build/CMakeFiles/CMakeTmp'


===== END =====

Build output check failed:
    Regex: 'unrecognized .*option'
    Output line: 'cc1plus: note: unrecognized command-line option ‘-Wno-unnamed-type-template-args’ may have been intended to silence earlier diagnostics'
Compilation failed:
    source file: '/home/parth/Work/All_Data/university/RTES_ECEN5623/Assignments/OpenCV/build/CMakeFiles/CMakeTmp/src.cxx'
    check option: ' -fsigned-char -W -Wall -Werror=return-type -Werror=non-virtual-dtor -Werror=address -Werror=sequence-point -Wformat -Werror=format-security -Wmissing-declarations -Wundef -Winit-self -Wpointer-arith -Wshadow -Wsign-promo -Wuninitialized -Winit-self -Wsuggest-override -Wno-delete-non-virtual-dtor  -Wno-unnamed-type-template-args'
===== BUILD LOG =====
Change Dir: /home/parth/Work/All_Data/university/RTES_ECEN5623/Assignments/OpenCV/build/CMakeFiles/CMakeTmp

Run Build Command(s):/usr/bin/gmake -f Makefile cmTC_478c4/fast && /usr/bin/gmake  -f CMakeFiles/cmTC_478c4.dir/build.make CMakeFiles/cmTC_478c4.dir/build
gmake[1]: Entering directory '/home/parth/Work/All_Data/university/RTES_ECEN5623/Assignments/OpenCV/build/CMakeFiles/CMakeTmp'
Building CXX object CMakeFiles/cmTC_478c4.dir/src.cxx.o
/usr/bin/c++   -O3 -DNDEBUG -fPIE    -fsigned-char -W -Wall -Werror=return-type -Werror=non-virtual-dtor -Werror=address -Werror=sequence-point -Wformat -Werror=format-security -Wmissing-declarations -Wundef -Winit-self -Wpointer-arith -Wshadow -Wsign-promo -Wuninitialized -Winit-self -Wsuggest-override -Wno-delete-non-virtual-dtor  -Wno-unnamed-type-template-args -std=c++11 -o CMakeFiles/cmTC_478c4.dir/src.cxx.o -c /home/parth/Work/All_Data/university/RTES_ECEN5623/Assignments/OpenCV/build/CMakeFiles/CMakeTmp/src.cxx
/home/parth/Work/All_Data/university/RTES_ECEN5623/Assignments/OpenCV/build/CMakeFiles/CMakeTmp/src.cxx:1: warning: ignoring ‘#pragma  ’ [-Wunknown-pragmas]
    1 | #pragma
      | 
cc1plus: note: unrecognized command-line option ‘-Wno-unnamed-type-template-args’ may have been intended to silence earlier diagnostics
Linking CXX executable cmTC_478c4
/usr/bin/cmake -E cmake_link_script CMakeFiles/cmTC_478c4.dir/link.txt --verbose=1
/usr/bin/c++ -O3 -DNDEBUG CMakeFiles/cmTC_478c4.dir/src.cxx.o -o cmTC_478c4 
gmake[1]: Leaving directory '/home/parth/Work/All_Data/university/RTES_ECEN5623/Assignments/OpenCV/build/CMakeFiles/CMakeTmp'


===== END =====

Build output check failed:
    Regex: 'unrecognized .*option'
    Output line: 'cc1: note: unrecognized command-line option ‘-Wno-unnamed-type-template-args’ may have been intended to silence earlier diagnostics'
Compilation failed:
    source file: '/home/parth/Work/All_Data/university/RTES_ECEN5623/Assignments/OpenCV/build/CMakeFiles/CMakeTmp/src.c'
    check option: ' -fsigned-char -W -Wall -Werror=return-type -Werror=address -Werror=sequence-point -Wformat -Werror=format-security -Wmissing-declarations -Wmissing-prototypes -Wstrict-prototypes -Wundef -Winit-self -Wpointer-arith -Wshadow -Wuninitialized -Winit-self  -Wno-unnamed-type-template-args'
===== BUILD LOG =====
Change Dir: /home/parth/Work/All_Data/university/RTES_ECEN5623/Assignments/OpenCV/build/CMakeFiles/CMakeTmp

Run Build Command(s):/usr/bin/gmake -f Makefile cmTC_9bd3d/fast && /usr/bin/gmake  -f CMakeFiles/cmTC_9bd3d.dir/build.make CMakeFiles/cmTC_9bd3d.dir/build
gmake[1]: Entering directory '/home/parth/Work/All_Data/university/RTES_ECEN5623/Assignments/OpenCV/build/CMakeFiles/CMakeTmp'
Building C object CMakeFiles/cmTC_9bd3d.dir/src.c.o
/usr/bin/cc   -O3 -DNDEBUG -fPIE    -fsigned-char -W -Wall -Werror=return-type -Werror=address -Werror=sequence-point -Wformat -Werror=format-security -Wmissing-declarations -Wmissing-prototypes -Wstrict-prototypes -Wundef -Winit-self -Wpointer-arith -Wshadow -Wuninitialized -Winit-self  -Wno-unnamed-type-template-args -o CMakeFiles/cmTC_9bd3d.dir/src.c.o -c /home/parth/Work/All_Data/university/RTES_ECEN5623/Assignments/OpenCV/build/CMakeFiles/CMakeTmp/src.c
/home/parth/Work/All_Data/university/RTES_ECEN5623/Assignments/OpenCV/build/CMakeFiles/CMakeTmp/src.c:1: warning: ignoring ‘#pragma  ’ [-Wunknown-pragmas]
    1 | #pragma
      | 
cc1: note: unrecognized command-line option ‘-Wno-unnamed-type-template-args’ may have been intended to silence earlier diagnostics
Linking C executable cmTC_9bd3d
/usr/bin/cmake -E cmake_link_script CMakeFiles/cmTC_9bd3d.dir/link.txt --verbose=1
/usr/bin/cc -O3 -DNDEBUG CMakeFiles/cmTC_9bd3d.dir/src.c.o -o cmTC_9bd3d 
gmake[1]: Leaving directory '/home/parth/Work/All_Data/university/RTES_ECEN5623/Assignments/OpenCV/build/CMakeFiles/CMakeTmp'


===== END =====

Build output check failed:
    Regex: 'command[- ]line option .* is valid for .* but not for C'
    Output line: 'cc1: warning: command-line option ‘-fvisibility-inlines-hidden’ is valid for C++/ObjC++ but not for C'
Compilation failed:
    source file: '/home/parth/Work/All_Data/university/RTES_ECEN5623/Assignments/OpenCV/build/CMakeFiles/CMakeTmp/src.c'
    check option: ' -fsigned-char -W -Wall -Werror=return-type -Werror=address -Werror=sequence-point -Wformat -Werror=format-security -Wmissing-declarations -Wmissing-prototypes -Wstrict-prototypes -Wundef -Winit-self -Wpointer-arith -Wshadow -Wuninitialized -Winit-self -Wno-comment -Wimplicit-fallthrough=3 -Wno-strict-overflow -fdiagnostics-show-option -Wno-long-long -pthread -fomit-frame-pointer -ffunction-sections -fdata-sections  -msse -msse2 -msse3 -fvisibility=hidden  -fvisibility-inlines-hidden'
===== BUILD LOG =====
Change Dir: /home/parth/Work/All_Data/university/RTES_ECEN5623/Assignments/OpenCV/build/CMakeFiles/CMakeTmp

Run Build Command(s):/usr/bin/gmake -f Makefile cmTC_d0fd2/fast && /usr/bin/gmake  -f CMakeFiles/cmTC_d0fd2.dir/build.make CMakeFiles/cmTC_d0fd2.dir/build
gmake[1]: Entering directory '/home/parth/Work/All_Data/university/RTES_ECEN5623/Assignments/OpenCV/build/CMakeFiles/CMakeTmp'
Building C object CMakeFiles/cmTC_d0fd2.dir/src.c.o
/usr/bin/cc   -O3 -DNDEBUG -fPIE    -fsigned-char -W -Wall -Werror=return-type -Werror=address -Werror=sequence-point -Wformat -Werror=format-security -Wmissing-declarations -Wmissing-prototypes -Wstrict-prototypes -Wundef -Winit-self -Wpointer-arith -Wshadow -Wuninitialized -Winit-self -Wno-comment -Wimplicit-fallthrough=3 -Wno-strict-overflow -fdiagnostics-show-option -Wno-long-long -pthread -fomit-frame-pointer -ffunction-sections -fdata-sections  -msse -msse2 -msse3 -fvisibility=hidden  -fvisibility-inlines-hidden -o CMakeFiles/cmTC_d0fd2.dir/src.c.o -c /home/parth/Work/All_Data/university/RTES_ECEN5623/Assignments/OpenCV/build/CMakeFiles/CMakeTmp/src.c
cc1: warning: command-line option ‘-fvisibility-inlines-hidden’ is valid for C++/ObjC++ but not for C
/home/parth/Work/All_Data/university/RTES_ECEN5623/Assignments/OpenCV/build/CMakeFiles/CMakeTmp/src.c:1: warning: ignoring ‘#pragma  ’ [-Wunknown-pragmas]
    1 | #pragma
      | 
Linking C executable cmTC_d0fd2
/usr/bin/cmake -E cmake_link_script CMakeFiles/cmTC_d0fd2.dir/link.txt --verbose=1
/usr/bin/cc -O3 -DNDEBUG CMakeFiles/cmTC_d0fd2.dir/src.c.o -o cmTC_d0fd2 
gmake[1]: Leaving directory '/home/parth/Work/All_Data/university/RTES_ECEN5623/Assignments/OpenCV/build/CMakeFiles/CMakeTmp'


===== END =====

