2023-10-04 22:37:28,936 [INFO] Activator:176 - 


2023-10-04 22:37:28,938 [INFO] Activator:177 - !SESSION log4j initialized
2023-10-04 22:37:30,721 [INFO] LogOutputStream:77 - [STDOUT_REDIRECT] 
2023-10-04 22:37:51,606 [ERROR] LogOutputStream:75 - [STDERR_REDIRECT] SLF4J: Failed to load class "org.slf4j.impl.StaticLoggerBinder".
2023-10-04 22:37:51,606 [ERROR] LogOutputStream:75 - [STDERR_REDIRECT] SLF4J: Defaulting to no-operation (NOP) logger implementation
2023-10-04 22:37:51,606 [ERROR] LogOutputStream:75 - [STDERR_REDIRECT] SLF4J: See http://www.slf4j.org/codes.html#StaticLoggerBinder for further details.
2023-10-04 22:50:05,664 [INFO] ApplicationProperties:184 - Using Application install path: /opt/st/stm32cubeide_1.12.1/plugins/com.st.stm32cube.common.mx_6.8.1.202304191431
2023-10-04 22:50:05,697 [INFO] DbMcusXml:78 - Set database path to: /opt/st/stm32cubeide_1.12.1/plugins/com.st.stm32cube.common.mx_6.8.1.202304191431//db//mcu/
2023-10-04 22:50:05,697 [INFO] ApiDb:274 - Set plugin database path to: /opt/st/stm32cubeide_1.12.1/plugins/com.st.stm32cube.common.mx_6.8.1.202304191431//db//plugins/boardmanager/
2023-10-04 22:50:05,702 [WARN] ApiDb:259 - Overriding images path with different value:  => /opt/st/stm32cubeide_1.12.1/plugins/com.st.stm32cube.common.mx_6.8.1.202304191431//db//plugins/mcufinder/images/
2023-10-04 22:50:05,726 [INFO] ApiDb:250 - Set database path to: /home/parth/.stmcufinder/plugins/mcufinder//mcu/
2023-10-04 22:50:05,728 [INFO] DbMcusAds:125 - Set database path to: /home/parth/.stmcufinder/plugins/mcufinder//mcu/
2023-10-04 22:50:05,754 [INFO] CrossReferenceDbSqlite:203 - Set database path to: /home/parth/.stmcufinder/plugins/mcufinder//mcu/cs/
2023-10-04 22:50:05,956 [INFO] RulesReader:64 - Compatibility file has been processed (293 Rules)
2023-10-04 22:50:06,056 [INFO] DbMcusXml:78 - Set database path to: /opt/st/stm32cubeide_1.12.1/plugins/com.st.stm32cube.common.mx_6.8.1.202304191431//db//mcu/
2023-10-04 22:50:06,056 [INFO] ApiDb:274 - Set plugin database path to: /opt/st/stm32cubeide_1.12.1/plugins/com.st.stm32cube.common.mx_6.8.1.202304191431//db//plugins/boardmanager/
2023-10-04 22:50:06,056 [INFO] ApiDb:261 - Set plugin images path to: /opt/st/stm32cubeide_1.12.1/plugins/com.st.stm32cube.common.mx_6.8.1.202304191431//db//plugins/mcufinder/images/
2023-10-04 22:50:06,057 [WARN] DbFile:41 - Overriding database path with different value: /home/parth/.stmcufinder/plugins/mcufinder/ => /home/parth/.stmcufinder/plugins/mcufinder
2023-10-04 22:50:06,057 [INFO] ApiDb:250 - Set database path to: /home/parth/.stmcufinder/plugins/mcufinder//mcu/
2023-10-04 22:50:06,057 [WARN] DbFile:41 - Overriding database path with different value: /home/parth/.stmcufinder/plugins/mcufinder/ => /home/parth/.stmcufinder/plugins/mcufinder
2023-10-04 22:50:06,057 [INFO] DbMcusAds:125 - Set database path to: /home/parth/.stmcufinder/plugins/mcufinder//mcu/
2023-10-04 22:50:06,057 [WARN] DbFile:41 - Overriding database path with different value: /home/parth/.stmcufinder/plugins/mcufinder/ => /home/parth/.stmcufinder/plugins/mcufinder
2023-10-04 22:50:06,057 [WARN] DbFile:41 - Overriding database path with different value: /home/parth/.stmcufinder/plugins/mcufinder/ => /home/parth/.stmcufinder/plugins/mcufinder
2023-10-04 22:50:06,058 [INFO] CrossReferenceDbSqlite:203 - Set database path to: /home/parth/.stmcufinder/plugins/mcufinder//mcu/cs/
2023-10-04 22:50:06,182 [INFO] MainPanel:253 - HeapMemory: 464519168
2023-10-04 22:50:06,310 [INFO] DbMcusXml:78 - Set database path to: /opt/st/stm32cubeide_1.12.1/plugins/com.st.stm32cube.common.mx_6.8.1.202304191431//db//mcu/
2023-10-04 22:50:06,310 [INFO] ApiDb:274 - Set plugin database path to: /opt/st/stm32cubeide_1.12.1/plugins/com.st.stm32cube.common.mx_6.8.1.202304191431//db//plugins/boardmanager/
2023-10-04 22:50:06,310 [INFO] ApiDb:261 - Set plugin images path to: /opt/st/stm32cubeide_1.12.1/plugins/com.st.stm32cube.common.mx_6.8.1.202304191431//db//plugins/mcufinder/images/
2023-10-04 22:50:06,311 [WARN] DbFile:41 - Overriding database path with different value: /home/parth/.stmcufinder/plugins/mcufinder/ => /home/parth/.stmcufinder/plugins/mcufinder
2023-10-04 22:50:06,311 [INFO] ApiDb:250 - Set database path to: /home/parth/.stmcufinder/plugins/mcufinder//mcu/
2023-10-04 22:50:06,312 [WARN] DbFile:41 - Overriding database path with different value: /home/parth/.stmcufinder/plugins/mcufinder/ => /home/parth/.stmcufinder/plugins/mcufinder
2023-10-04 22:50:06,312 [INFO] DbMcusAds:125 - Set database path to: /home/parth/.stmcufinder/plugins/mcufinder//mcu/
2023-10-04 22:50:06,312 [WARN] DbFile:41 - Overriding database path with different value: /home/parth/.stmcufinder/plugins/mcufinder/ => /home/parth/.stmcufinder/plugins/mcufinder
2023-10-04 22:50:06,312 [WARN] DbFile:41 - Overriding database path with different value: /home/parth/.stmcufinder/plugins/mcufinder/ => /home/parth/.stmcufinder/plugins/mcufinder
2023-10-04 22:50:06,312 [INFO] CrossReferenceDbSqlite:203 - Set database path to: /home/parth/.stmcufinder/plugins/mcufinder//mcu/cs/
2023-10-04 22:50:06,341 [INFO] ApplicationProperties:184 - Using Application install path: /opt/st/stm32cubeide_1.12.1/plugins/com.st.stm32cube.common.mx_6.8.1.202304191431
2023-10-04 22:50:06,344 [INFO] PluginManage:196 - Search for loadable plugins [exclusion list=, ]
2023-10-04 22:50:06,346 [INFO] PluginManage:310 - Check plugin analytics
2023-10-04 22:50:06,609 [INFO] AnalyticsPlugin:253 - Accepted Software Licenses: 
2023-10-04 22:50:06,609 [INFO] AnalyticsPlugin:255 - Accepted CMSIS Pack Licenses: 
2023-10-04 22:50:06,609 [INFO] AnalyticsPlugin:257 - Accepted Firmware Licenses: FW.F4.1.27.0
2023-10-04 22:50:06,618 [INFO] PluginManage:359 - Loaded plugin analytics (category:tool,tabindex:-1)
2023-10-04 22:50:06,619 [INFO] PluginManage:310 - Check plugin cadmodel
2023-10-04 22:50:07,107 [INFO] CADModel:105 - Init CAD model plugin
2023-10-04 22:50:07,107 [INFO] PluginManage:359 - Loaded plugin cadmodel (category:power,tabindex:5)
2023-10-04 22:50:07,107 [INFO] PluginManage:310 - Check plugin clock
2023-10-04 22:50:07,119 [INFO] PluginManage:359 - Loaded plugin clock (category:base,tabindex:2)
2023-10-04 22:50:07,119 [INFO] PluginManage:310 - Check plugin ddr
2023-10-04 22:50:07,122 [INFO] PluginManage:359 - Loaded plugin ddr (category:tool,tabindex:6)
2023-10-04 22:50:07,123 [INFO] PluginManage:310 - Check plugin filemanager
2023-10-04 22:50:07,322 [INFO] PluginManage:359 - Loaded plugin filemanager (category:base,tabindex:10)
2023-10-04 22:50:07,323 [INFO] PluginManage:310 - Check plugin ipmanager
2023-10-04 22:50:07,330 [INFO] PluginManage:359 - Loaded plugin ipmanager (category:base,tabindex:5)
2023-10-04 22:50:07,330 [INFO] PluginManage:310 - Check plugin lpbam
2023-10-04 22:50:07,342 [INFO] PluginManage:359 - Loaded plugin lpbam (category:base,tabindex:0)
2023-10-04 22:50:07,342 [INFO] PluginManage:310 - Check plugin pinoutandconfiguration
2023-10-04 22:50:07,352 [INFO] PluginManage:359 - Loaded plugin pinoutandconfiguration (category:base,tabindex:1)
2023-10-04 22:50:07,352 [INFO] PluginManage:310 - Check plugin pinoutconfig
2023-10-04 22:50:07,446 [WARN] SupportedApi:132 - Cannot load RTOS API schema: s4s-elt-must-match.1: The content of 'definitions' must match (annotation?, (simpleType | complexType)?, (unique | key | keyref)*)). A problem was found starting at: attribute.
2023-10-04 22:50:07,618 [INFO] PluginManage:359 - Loaded plugin pinoutconfig (category:base,tabindex:0)
2023-10-04 22:50:07,618 [INFO] PluginManage:310 - Check plugin power
2023-10-04 22:50:07,631 [INFO] PluginManage:359 - Loaded plugin power (category:power,tabindex:4)
2023-10-04 22:50:07,632 [INFO] PluginManage:310 - Check plugin projectmanager
2023-10-04 22:50:07,650 [INFO] PluginManage:359 - Loaded plugin projectmanager (category:projectmanager,tabindex:3)
2023-10-04 22:50:07,650 [INFO] PluginManage:310 - Check plugin thirdparty
2023-10-04 22:50:07,798 [INFO] PluginManage:359 - Loaded plugin thirdparty (category:base,tabindex:-1)
2023-10-04 22:50:07,798 [INFO] PluginManage:310 - Check plugin tools
2023-10-04 22:50:07,798 [WARN] IntegrityCheckThread:84 - waiting for thirdparty lock release [integrity check]
2023-10-04 22:50:07,799 [INFO] IntegrityCheckThread:86 - entering critical section [integrity check]
2023-10-04 22:50:07,801 [INFO] PluginManage:359 - Loaded plugin tools (category:base,tabindex:7)
2023-10-04 22:50:07,801 [INFO] PluginManage:310 - Check plugin tutovideos
2023-10-04 22:50:07,801 [INFO] ThirdPartyUpdaterWithRetryManager:70 - Updater plugin not ready yet. [1/15]
2023-10-04 22:50:08,025 [INFO] PluginManage:359 - Loaded plugin tutovideos (category:base,tabindex:-1)
2023-10-04 22:50:08,026 [INFO] PluginManage:310 - Check plugin updater
2023-10-04 22:50:08,043 [INFO] PluginManage:359 - Loaded plugin updater (category:base,tabindex:12)
2023-10-04 22:50:08,043 [INFO] PluginManage:283 - PluginManage : Loaded plugins [15]
2023-10-04 22:50:08,308 [INFO] PinOutPanel:1499 - setPackage(No Configuration,No Configuration)
2023-10-04 22:50:08,367 [INFO] CADModel:165 - CPN selected for project level
2023-10-04 22:50:08,367 [INFO] CADModel:114 - Register for checkConnection events
2023-10-04 22:50:08,387 [INFO] IPUIPlugin:80 - create IPUIPlugin
2023-10-04 22:50:08,387 [INFO] PluginManager:220 - loadIPPluginJar : add fmc
2023-10-04 22:50:08,391 [INFO] IPUIPlugin:80 - create IPUIPlugin
2023-10-04 22:50:08,391 [INFO] PluginManager:220 - loadIPPluginJar : add usbx
2023-10-04 22:50:08,394 [INFO] IPUIPlugin:80 - create IPUIPlugin
2023-10-04 22:50:08,394 [INFO] PluginManager:220 - loadIPPluginJar : add i2s
2023-10-04 22:50:08,397 [INFO] IPUIPlugin:80 - create IPUIPlugin
2023-10-04 22:50:08,397 [INFO] PluginManager:220 - loadIPPluginJar : add aes
2023-10-04 22:50:08,404 [INFO] IPUIPlugin:80 - create IPUIPlugin
2023-10-04 22:50:08,405 [INFO] PluginManager:220 - loadIPPluginJar : add mdma
2023-10-04 22:50:08,409 [INFO] IPUIPlugin:80 - create IPUIPlugin
2023-10-04 22:50:08,409 [INFO] PluginManager:220 - loadIPPluginJar : add nvic
2023-10-04 22:50:08,412 [INFO] IPUIPlugin:80 - create IPUIPlugin
2023-10-04 22:50:08,412 [INFO] PluginManager:220 - loadIPPluginJar : add dma3
2023-10-04 22:50:08,414 [INFO] IPUIPlugin:80 - create IPUIPlugin
2023-10-04 22:50:08,415 [INFO] PluginManager:220 - loadIPPluginJar : add dfsdm
2023-10-04 22:50:08,417 [INFO] IPUIPlugin:80 - create IPUIPlugin
2023-10-04 22:50:08,418 [INFO] PluginManager:220 - loadIPPluginJar : add i3c
2023-10-04 22:50:08,420 [INFO] IPUIPlugin:80 - create IPUIPlugin
2023-10-04 22:50:08,420 [INFO] PluginManager:220 - loadIPPluginJar : add spi
2023-10-04 22:50:08,423 [INFO] IPUIPlugin:80 - create IPUIPlugin
2023-10-04 22:50:08,423 [INFO] PluginManager:220 - loadIPPluginJar : add lorawan
2023-10-04 22:50:08,426 [INFO] IPUIPlugin:80 - create IPUIPlugin
2023-10-04 22:50:08,426 [INFO] PluginManager:220 - loadIPPluginJar : add cryp
2023-10-04 22:50:08,428 [INFO] IPUIPlugin:80 - create IPUIPlugin
2023-10-04 22:50:08,428 [INFO] PluginManager:220 - loadIPPluginJar : add tracer_emb
2023-10-04 22:50:08,432 [INFO] IPUIPlugin:80 - create IPUIPlugin
2023-10-04 22:50:08,432 [INFO] PluginManager:220 - loadIPPluginJar : add sai
2023-10-04 22:50:08,434 [INFO] IPUIPlugin:80 - create IPUIPlugin
2023-10-04 22:50:08,434 [INFO] PluginManager:220 - loadIPPluginJar : add ltdc
2023-10-04 22:50:08,437 [INFO] IPUIPlugin:80 - create IPUIPlugin
2023-10-04 22:50:08,437 [INFO] PluginManager:220 - loadIPPluginJar : add pdm2pcm
2023-10-04 22:50:08,445 [INFO] IPUIPlugin:80 - create IPUIPlugin
2023-10-04 22:50:08,449 [INFO] PluginManager:220 - loadIPPluginJar : add plateformsettings
2023-10-04 22:50:08,453 [INFO] IPUIPlugin:80 - create IPUIPlugin
2023-10-04 22:50:08,454 [INFO] PluginManager:220 - loadIPPluginJar : add gpio
2023-10-04 22:50:08,455 [INFO] IPUIPlugin:80 - create IPUIPlugin
2023-10-04 22:50:08,455 [INFO] PluginManager:220 - loadIPPluginJar : add quadspi
2023-10-04 22:50:08,458 [INFO] IPUIPlugin:80 - create IPUIPlugin
2023-10-04 22:50:08,459 [INFO] PluginManager:220 - loadIPPluginJar : add openamp
2023-10-04 22:50:08,460 [INFO] IPUIPlugin:80 - create IPUIPlugin
2023-10-04 22:50:08,460 [INFO] PluginManager:220 - loadIPPluginJar : add genericplugin
2023-10-04 22:50:08,463 [INFO] IPUIPlugin:80 - create IPUIPlugin
2023-10-04 22:50:08,463 [INFO] PluginManager:220 - loadIPPluginJar : add gfxmmu
2023-10-04 22:50:08,468 [INFO] IPUIPlugin:80 - create IPUIPlugin
2023-10-04 22:50:08,468 [INFO] PluginManager:220 - loadIPPluginJar : add stm32_wpan
2023-10-04 22:50:08,471 [INFO] IPUIPlugin:80 - create IPUIPlugin
2023-10-04 22:50:08,471 [INFO] PluginManager:220 - loadIPPluginJar : add hash
2023-10-04 22:50:08,473 [INFO] IPUIPlugin:80 - create IPUIPlugin
2023-10-04 22:50:08,474 [INFO] PluginManager:220 - loadIPPluginJar : add ucpd
2023-10-04 22:50:08,478 [INFO] IPUIPlugin:80 - create IPUIPlugin
2023-10-04 22:50:08,478 [INFO] PluginManager:220 - loadIPPluginJar : add resmgrutility
2023-10-04 22:50:08,487 [INFO] IPUIPlugin:80 - create IPUIPlugin
2023-10-04 22:50:08,487 [INFO] PluginManager:220 - loadIPPluginJar : add dma
2023-10-04 22:50:08,495 [INFO] IPUIPlugin:80 - create IPUIPlugin
2023-10-04 22:50:08,495 [INFO] PluginManager:220 - loadIPPluginJar : add linkedlist
2023-10-04 22:50:08,497 [INFO] IPUIPlugin:80 - create IPUIPlugin
2023-10-04 22:50:08,497 [INFO] PluginManager:220 - loadIPPluginJar : add tim
2023-10-04 22:50:08,499 [INFO] IPUIPlugin:80 - create IPUIPlugin
2023-10-04 22:50:08,499 [INFO] PluginManager:220 - loadIPPluginJar : add comp
2023-10-04 22:50:08,502 [INFO] IPUIPlugin:80 - create IPUIPlugin
2023-10-04 22:50:08,502 [INFO] PluginManager:220 - loadIPPluginJar : add usart
2023-10-04 22:50:08,506 [INFO] IPUIPlugin:80 - create IPUIPlugin
2023-10-04 22:50:08,506 [INFO] PluginManager:220 - loadIPPluginJar : add gtzc
2023-10-04 22:50:08,509 [INFO] IPUIPlugin:80 - create IPUIPlugin
2023-10-04 22:50:08,509 [INFO] PluginManager:220 - loadIPPluginJar : add ipddr
2023-10-04 22:50:08,513 [INFO] IPUIPlugin:80 - create IPUIPlugin
2023-10-04 22:50:08,513 [INFO] PluginManager:220 - loadIPPluginJar : add opamp
2023-10-04 22:50:08,514 [INFO] IPUIPlugin:80 - create IPUIPlugin
2023-10-04 22:50:08,515 [INFO] PluginManager:220 - loadIPPluginJar : add tsc
2023-10-04 22:50:08,516 [INFO] IPUIPlugin:80 - create IPUIPlugin
2023-10-04 22:50:08,516 [INFO] PluginManager:220 - loadIPPluginJar : add fatfs
2023-10-04 22:50:08,519 [INFO] IPUIPlugin:80 - create IPUIPlugin
2023-10-04 22:50:08,519 [INFO] PluginManager:220 - loadIPPluginJar : add i2c
2023-10-04 22:50:08,522 [INFO] IPUIPlugin:80 - create IPUIPlugin
2023-10-04 22:50:08,522 [INFO] PluginManager:220 - loadIPPluginJar : add can
2023-10-04 22:50:08,528 [INFO] IPUIPlugin:80 - create IPUIPlugin
2023-10-04 22:50:08,528 [INFO] PluginManager:220 - loadIPPluginJar : add freertos
2023-10-04 22:50:08,531 [INFO] IPUIPlugin:80 - create IPUIPlugin
2023-10-04 22:50:08,531 [INFO] PluginManager:220 - loadIPPluginJar : add ts
2023-10-04 22:50:08,537 [INFO] IPUIPlugin:80 - create IPUIPlugin
2023-10-04 22:50:08,537 [INFO] PluginManager:220 - loadIPPluginJar : add gic
2023-10-04 22:50:08,543 [INFO] IPUIPlugin:80 - create IPUIPlugin
2023-10-04 22:50:08,544 [INFO] PluginManager:220 - loadIPPluginJar : add adc
2023-10-04 22:50:08,547 [INFO] IPUIPlugin:80 - create IPUIPlugin
2023-10-04 22:50:08,547 [INFO] PluginManager:220 - loadIPPluginJar : add touchsensing
2023-10-04 22:50:08,662 [INFO] CADModel:165 - CPN selected for project level
2023-10-04 22:50:08,663 [INFO] CADModel:114 - Register for checkConnection events
2023-10-04 22:50:08,663 [FATAL] Updater:308 - Updater called before beeing initialized
2023-10-04 22:50:08,663 [ERROR] CADModel:125 - Updater not yet initialized, retry later 
2023-10-04 22:50:08,831 [INFO] CADModel:165 - CPN selected for project level
2023-10-04 22:50:08,832 [INFO] CADModel:114 - Register for checkConnection events
2023-10-04 22:50:08,832 [FATAL] Updater:308 - Updater called before beeing initialized
2023-10-04 22:50:08,832 [ERROR] CADModel:125 - Updater not yet initialized, retry later 
2023-10-04 22:50:08,836 [FATAL] Updater:308 - Updater called before beeing initialized
2023-10-04 22:50:08,926 [FATAL] Updater:308 - Updater called before beeing initialized
2023-10-04 22:50:08,934 [INFO] DbMcusAds:53 - JSON generation date=Tue Mar 07 01:50:55 MST 2023 (1678179055114)
2023-10-04 22:50:08,934 [FATAL] Updater:308 - Updater called before beeing initialized
2023-10-04 22:50:08,977 [WARN] DetailPanel:346 - Failed to get advertising image, set to default
2023-10-04 22:50:09,120 [FATAL] Updater:308 - Updater called before beeing initialized
2023-10-04 22:50:09,122 [FATAL] Updater:308 - Updater called before beeing initialized
2023-10-04 22:50:09,122 [FATAL] Updater:308 - Updater called before beeing initialized
2023-10-04 22:50:09,122 [WARN] DetailPanel:346 - Failed to get advertising image, set to default
2023-10-04 22:50:09,123 [FATAL] Updater:308 - Updater called before beeing initialized
2023-10-04 22:50:09,163 [ERROR] Updater:1120 - MainUpdater not yet initialized. External WinMGr cannot be set.
2023-10-04 22:50:09,165 [INFO] Updater:1056 - Updater Version found : 6.8.1
2023-10-04 22:50:09,188 [INFO] ApplicationProperties:184 - Using Application install path: /opt/st/stm32cubeide_1.12.1/plugins/com.st.stm32cube.common.mx_6.8.1.202304191431
2023-10-04 22:50:09,308 [INFO] MainUpdater:2854 - connection check result : 10
2023-10-04 22:50:09,309 [INFO] MainUpdater:3548 - Updater definition file requires update
2023-10-04 22:50:09,309 [INFO] MainUpdater:283 - Updater Check For Update Now.
2023-10-04 22:50:09,311 [INFO] MicroXplorer:498 - Change Database Version : DB.6.0.81
2023-10-04 22:50:09,421 [INFO] ServerAccessManage:473 - Download File updaters.zip
2023-10-04 22:50:09,534 [INFO] FileExtend:240 - Unzip File : updaters.zip
2023-10-04 22:50:09,534 [INFO] FileExtend:255 - Standard Zip Deflate
2023-10-04 22:50:09,775 [INFO] ServerAccessManage:473 - Download File PacksControlFlags.xml
2023-10-04 22:50:09,893 [INFO] ServerAccessManage:473 - Download File cubemx.pidx
2023-10-04 22:50:10,592 [INFO] ServerAccessManage:473 - Download File STMicroelectronics.X-CUBE-TOUCHGFX.pdsc
2023-10-04 22:50:10,803 [WARN] MainUpdater:1187 - Updater busy. Cannot search thirdparties
2023-10-04 22:50:10,803 [INFO] ThirdPartyUpdaterWithRetryManager:96 - Updater plugin is busy. [1/15]
2023-10-04 22:50:13,195 [ERROR] ServerAccessManage:1096 - Problem, Http access forbiden
2023-10-04 22:50:13,197 [ERROR] ServerAccessManage:651 - Problem, Http access forbiden : RoweBots.I-CUBE-UNISONRTOS.pdsc.
2023-10-04 22:50:13,716 [INFO] ServerAccessManage:473 - Download File ITTIA_DB.I-CUBE-ITTIADB.pdsc
2023-10-04 22:50:13,819 [WARN] MainUpdater:1187 - Updater busy. Cannot search thirdparties
2023-10-04 22:50:13,819 [INFO] ThirdPartyUpdaterWithRetryManager:96 - Updater plugin is busy. [2/15]
2023-10-04 22:50:14,133 [WARN] PackLoader:240 - Cannot read IP mode file for STMicroelectronics.X-CUBE-TOUCHGFX.4.22.1
2023-10-04 22:50:14,150 [WARN] PackLoader:240 - Cannot read IP mode file for ITTIA_DB.I-CUBE-ITTIADB.8.8.0
2023-10-04 22:50:14,152 [INFO] PopulateThirdPartyThread:66 - Ending populate Thread
2023-10-04 22:50:14,158 [INFO] ThirdParty:1030 - CMSIS Pack Vendor :STMicroelectronics X-CUBE-TOUCHGFX 4.22.1
2023-10-04 22:50:14,158 [INFO] ThirdParty:1030 - CMSIS Pack Vendor :ITTIA_DB I-CUBE-ITTIADB 8.8.0
2023-10-04 22:50:14,158 [INFO] LoadServerUpdatesThread:373 - End of LoadServerUpdate Thread
2023-10-04 22:50:14,280 [INFO] CheckServerUpdateThread:120 - End of CheckServer Thread
2023-10-04 22:50:14,324 [INFO] MainUpdater:2854 - connection check result : 10
2023-10-04 22:50:14,328 [INFO] McuFinderGlobals:66 - Set McuFinderConnectedMode to true
2023-10-04 22:50:14,760 [INFO] ServerAccessManage:473 - Download File mcusAds.json._tmp_
2023-10-04 22:50:14,869 [INFO] LoadUrlFilesThread:156 - End of LoadUrlFiles Thread
2023-10-04 22:50:15,170 [INFO] ServerAccessManage:473 - Download File cube-finder-db.zip
2023-10-04 22:50:16,819 [WARN] MainUpdater:1187 - Updater busy. Cannot search thirdparties
2023-10-04 22:50:16,820 [INFO] ThirdPartyUpdaterWithRetryManager:96 - Updater plugin is busy. [3/15]
2023-10-04 22:50:17,467 [INFO] FileExtend:240 - Unzip File : cube-finder-db.zip
2023-10-04 22:50:17,467 [INFO] FileExtend:255 - Standard Zip Deflate
2023-10-04 22:50:18,142 [INFO] LoadUrlFilesThread:156 - End of LoadUrlFiles Thread
2023-10-04 22:50:19,060 [INFO] ServerAccessManage:473 - Download File crdb.zip
2023-10-04 22:50:19,820 [WARN] MainUpdater:1187 - Updater busy. Cannot search thirdparties
2023-10-04 22:50:19,821 [INFO] ThirdPartyUpdaterWithRetryManager:96 - Updater plugin is busy. [4/15]
2023-10-04 22:50:20,150 [INFO] FileExtend:240 - Unzip File : crdb.zip
2023-10-04 22:50:20,150 [INFO] FileExtend:255 - Standard Zip Deflate
2023-10-04 22:50:20,306 [INFO] LoadUrlFilesThread:156 - End of LoadUrlFiles Thread
2023-10-04 22:50:20,518 [INFO] ServerAccessManage:473 - Download File tutoVideoDB.zip
2023-10-04 22:50:20,562 [INFO] FileExtend:240 - Unzip File : tutoVideoDB.zip
2023-10-04 22:50:20,563 [INFO] FileExtend:255 - Standard Zip Deflate
2023-10-04 22:50:20,682 [INFO] LoadUrlFilesThread:156 - End of LoadUrlFiles Thread
2023-10-04 22:50:20,689 [WARN] DbFile:41 - Overriding database path with different value: /home/parth/.stmcufinder/plugins/mcufinder/ => /home/parth/.stmcufinder/plugins/mcufinder
2023-10-04 22:50:20,858 [INFO] ServerAccessManage:473 - Download File api_config.json
2023-10-04 22:50:20,964 [INFO] LoadUrlFilesThread:156 - End of LoadUrlFiles Thread
2023-10-04 22:50:20,965 [INFO] DbMcusAds:53 - JSON generation date=Tue Mar 07 01:50:55 MST 2023 (1678179055114)
2023-10-04 22:50:21,012 [INFO] LoadUrlFilesThread:185 - End of LoadServerUrlFiles without Thread
2023-10-04 22:50:21,013 [INFO] TargetSelectorAdapter:259 - Refresh data is successful
2023-10-04 22:50:21,110 [INFO] MainUpdater:2854 - connection check result : 10
2023-10-04 22:50:21,129 [INFO] ApiDb:581 - Connected to CubeFinder SQLite database (/home/parth/.stmcufinder/plugins/mcufinder/mcu/cube-finder-db.db)
2023-10-04 22:50:21,206 [INFO] ApiDb:668 - CubeFinder database Data Model version=2.1
2023-10-04 22:50:21,207 [INFO] ApiDb:669 - CubeFinder database Configuration version=3.0.37
2023-10-04 22:50:21,208 [INFO] ApiDb:670 - CubeFinder database generation date=2023-08-09 (1691586011)
2023-10-04 22:50:21,208 [INFO] ApiDb:671 - CubeFinder database FW Pack versions=[FP-ATR-ASTRA1_V2.0.0, FP-SNS-FLIGHT1_V5.0.1, FP-SNS-FLIGHT1_V5.0.2, FP-SNS-MOTENV1_V4.3.1, FP-SNS-MOTENV1_V4.3.2, STM32Cube_FW_C0_V1.1.0, STM32Cube_FW_F4_V1.27.1, STM32Cube_FW_F7_V1.17.0, STM32Cube_FW_G0_V1.6.1, STM32Cube_FW_G4_V1.5.1, STM32Cube_FW_H5_V0.5.1, STM32Cube_FW_H5_V1.1.0, STM32Cube_FW_H7_V1.11.0, STM32Cube_FW_L0_V1.12.2, STM32Cube_FW_L5_V1.5.0, STM32Cube_FW_U5_V1.3.0, STM32Cube_FW_U5_V1.3.0RC4, STM32Cube_FW_WBA_V1.0.0RC1, STM32Cube_FW_WBA_V1.1.0, STM32Cube_FW_WBA_V1.1.0RC1, STM32Cube_FW_WB_V1.15.0RC1, STM32Cube_FW_WB_V1.16.0, STM32Cube_FW_WB_V1.16.0RC2, STM32Cube_FW_WB_V1.17.0, STM32Cube_FW_WL_V1.3.0, X-CUBE-ALGOBUILD_V1.3.0, X-CUBE-ALS_V1.0.1, X-CUBE-AZRTOS-F4_V1.1.0, X-CUBE-AZRTOS-F7_V1.1.0, X-CUBE-AZRTOS-G0_V1.1.0, X-CUBE-AZRTOS-G4_V2.0.0, X-CUBE-AZRTOS-H7_V3.1.0, X-CUBE-AZRTOS-L4_V1.0.0, X-CUBE-AZRTOS-L4_V2.0.0, X-CUBE-AZRTOS-L5_V1.1.0, X-CUBE-AZRTOS-WB_V1.1.0, X-CUBE-AZRTOS-WL_V2.0.0, X-CUBE-BLE1_V7.0.0, X-CUBE-BLE2_V3.3.0, X-CUBE-BLEMGR_V2.0.0, X-CUBE-EEPRMA1_V4.1.0, X-CUBE-FREERTOS_V1.1.0, X-CUBE-GNSS1_V6.0.0, X-CUBE-MEMS1_V9.1.0, X-CUBE-MEMS1_V9.4.0, X-CUBE-MEMS1_V9.6.0, X-CUBE-NFC4_V3.0.0, X-CUBE-NFC7_V1.0.0, X-CUBE-SFXS2LP1_V4.0.0, X-CUBE-SUBG2_V5.0.0, X-CUBE-TOF1_V3.3.1]
2023-10-04 22:50:21,279 [ERROR] LogOutputStream:75 - [STDERR_REDIRECT] java.lang.NullPointerException
2023-10-04 22:50:21,280 [ERROR] LogOutputStream:75 - [STDERR_REDIRECT] 	at com.st.stm32cube.common.projectcreation.ui.wizard.TargetSetupPageAbstract.createControl(TargetSetupPageAbstract.java:132)
2023-10-04 22:50:21,281 [ERROR] LogOutputStream:75 - [STDERR_REDIRECT] 	at org.eclipse.jface.wizard.Wizard.createPageControls(Wizard.java:178)
2023-10-04 22:50:21,281 [ERROR] LogOutputStream:75 - [STDERR_REDIRECT] 	at org.eclipse.jface.wizard.WizardDialog.createPageControls(WizardDialog.java:743)
2023-10-04 22:50:21,282 [ERROR] LogOutputStream:75 - [STDERR_REDIRECT] 	at org.eclipse.jface.wizard.WizardDialog.createContents(WizardDialog.java:635)
2023-10-04 22:50:21,282 [ERROR] LogOutputStream:75 - [STDERR_REDIRECT] 	at org.eclipse.jface.window.Window.create(Window.java:431)
2023-10-04 22:50:21,283 [ERROR] LogOutputStream:75 - [STDERR_REDIRECT] 	at org.eclipse.jface.dialogs.Dialog.create(Dialog.java:1094)
2023-10-04 22:50:21,283 [ERROR] LogOutputStream:75 - [STDERR_REDIRECT] 	at org.eclipse.jface.window.Window.open(Window.java:788)
2023-10-04 22:50:21,284 [ERROR] LogOutputStream:75 - [STDERR_REDIRECT] 	at com.st.stm32cube.ide.mcu.informationcenter.WelcomePageAction.run(WelcomePageAction.java:54)
2023-10-04 22:50:21,284 [ERROR] LogOutputStream:75 - [STDERR_REDIRECT] 	at org.eclipse.ui.internal.intro.impl.model.url.IntroURL.runAction(IntroURL.java:279)
2023-10-04 22:50:21,284 [ERROR] LogOutputStream:75 - [STDERR_REDIRECT] 	at org.eclipse.ui.internal.intro.impl.model.url.IntroURL.doExecute(IntroURL.java:190)
2023-10-04 22:50:21,284 [ERROR] LogOutputStream:75 - [STDERR_REDIRECT] 	at org.eclipse.ui.internal.intro.impl.model.url.IntroURL.lambda$0(IntroURL.java:145)
2023-10-04 22:50:21,285 [ERROR] LogOutputStream:75 - [STDERR_REDIRECT] 	at org.eclipse.swt.custom.BusyIndicator.showWhile(BusyIndicator.java:74)
2023-10-04 22:50:21,285 [ERROR] LogOutputStream:75 - [STDERR_REDIRECT] 	at org.eclipse.ui.internal.intro.impl.model.url.IntroURL.execute(IntroURL.java:145)
2023-10-04 22:50:21,285 [ERROR] LogOutputStream:75 - [STDERR_REDIRECT] 	at org.eclipse.ui.internal.intro.impl.presentations.BrowserIntroPartLocationListener.changing(BrowserIntroPartLocationListener.java:130)
2023-10-04 22:50:21,285 [ERROR] LogOutputStream:75 - [STDERR_REDIRECT] 	at org.eclipse.swt.browser.WebKit.webkit_decide_policy(WebKit.java:2469)
2023-10-04 22:50:21,286 [ERROR] LogOutputStream:75 - [STDERR_REDIRECT] 	at org.eclipse.swt.browser.WebKit.webViewProc(WebKit.java:743)
2023-10-04 22:50:21,286 [ERROR] LogOutputStream:75 - [STDERR_REDIRECT] 	at org.eclipse.swt.browser.WebKit.Proc(WebKit.java:664)
2023-10-04 22:50:21,286 [ERROR] LogOutputStream:75 - [STDERR_REDIRECT] 	at org.eclipse.swt.internal.gtk3.GTK3.gtk_main_iteration_do(Native Method)
2023-10-04 22:50:21,287 [ERROR] LogOutputStream:75 - [STDERR_REDIRECT] 	at org.eclipse.swt.widgets.Display.readAndDispatch(Display.java:4578)
2023-10-04 22:50:21,287 [ERROR] LogOutputStream:75 - [STDERR_REDIRECT] 	at com.st.stm32cube.common.mx.oss.core.awtswtbridge.SwtInputBlocker.open(SwtInputBlocker.java:55)
2023-10-04 22:50:21,287 [ERROR] LogOutputStream:75 - [STDERR_REDIRECT] 	at com.st.stm32cube.common.mx.oss.core.awtswtbridge.SwtInputBlocker.block(SwtInputBlocker.java:111)
2023-10-04 22:50:21,288 [ERROR] LogOutputStream:75 - [STDERR_REDIRECT] 	at com.st.stm32cube.common.mx.oss.core.awtswtbridge.AwtEnvironment.invokeAwt(AwtEnvironment.java:179)
2023-10-04 22:50:21,288 [ERROR] LogOutputStream:75 - [STDERR_REDIRECT] 	at com.st.stm32cube.common.mx.oss.core.awtswtbridge.AwtEnvironment.invokeAwtAndBlockSwt(AwtEnvironment.java:206)
2023-10-04 22:50:21,288 [ERROR] LogOutputStream:75 - [STDERR_REDIRECT] 	at com.st.stm32cube.common.mx.targetselector.TargetSelectorAdapter.launchMCUFinder(TargetSelectorAdapter.java:233)
2023-10-04 22:50:21,289 [ERROR] LogOutputStream:75 - [STDERR_REDIRECT] 	at com.st.stm32cube.common.mx.targetselector.TargetSelectorAdapter.addTargetSelector(TargetSelectorAdapter.java:181)
2023-10-04 22:50:21,289 [ERROR] LogOutputStream:75 - [STDERR_REDIRECT] 	at com.st.stm32cube.common.projectcreation.ui.wizard.TargetSetupPageAbstract.createControl(TargetSetupPageAbstract.java:131)
2023-10-04 22:50:21,289 [ERROR] LogOutputStream:75 - [STDERR_REDIRECT] 	at org.eclipse.jface.wizard.Wizard.createPageControls(Wizard.java:178)
2023-10-04 22:50:21,290 [ERROR] LogOutputStream:75 - [STDERR_REDIRECT] 	at org.eclipse.jface.wizard.WizardDialog.createPageControls(WizardDialog.java:743)
2023-10-04 22:50:21,290 [ERROR] LogOutputStream:75 - [STDERR_REDIRECT] 	at org.eclipse.jface.wizard.WizardDialog.createContents(WizardDialog.java:635)
2023-10-04 22:50:21,290 [ERROR] LogOutputStream:75 - [STDERR_REDIRECT] 	at org.eclipse.jface.window.Window.create(Window.java:431)
2023-10-04 22:50:21,290 [ERROR] LogOutputStream:75 - [STDERR_REDIRECT] 	at org.eclipse.jface.dialogs.Dialog.create(Dialog.java:1094)
2023-10-04 22:50:21,291 [ERROR] LogOutputStream:75 - [STDERR_REDIRECT] 	at org.eclipse.jface.window.Window.open(Window.java:788)
2023-10-04 22:50:21,291 [ERROR] LogOutputStream:75 - [STDERR_REDIRECT] 	at com.st.stm32cube.ide.mcu.informationcenter.WelcomePageAction.run(WelcomePageAction.java:54)
2023-10-04 22:50:21,291 [ERROR] LogOutputStream:75 - [STDERR_REDIRECT] 	at org.eclipse.ui.internal.intro.impl.model.url.IntroURL.runAction(IntroURL.java:279)
2023-10-04 22:50:21,291 [ERROR] LogOutputStream:75 - [STDERR_REDIRECT] 	at org.eclipse.ui.internal.intro.impl.model.url.IntroURL.doExecute(IntroURL.java:190)
2023-10-04 22:50:21,292 [ERROR] LogOutputStream:75 - [STDERR_REDIRECT] 	at org.eclipse.ui.internal.intro.impl.model.url.IntroURL.lambda$0(IntroURL.java:145)
2023-10-04 22:50:21,292 [ERROR] LogOutputStream:75 - [STDERR_REDIRECT] 	at org.eclipse.swt.custom.BusyIndicator.showWhile(BusyIndicator.java:74)
2023-10-04 22:50:21,292 [ERROR] LogOutputStream:75 - [STDERR_REDIRECT] 	at org.eclipse.ui.internal.intro.impl.model.url.IntroURL.execute(IntroURL.java:145)
2023-10-04 22:50:21,293 [ERROR] LogOutputStream:75 - [STDERR_REDIRECT] 	at org.eclipse.ui.internal.intro.impl.presentations.BrowserIntroPartLocationListener.changing(BrowserIntroPartLocationListener.java:130)
2023-10-04 22:50:21,293 [ERROR] LogOutputStream:75 - [STDERR_REDIRECT] 	at org.eclipse.swt.browser.WebKit.webkit_decide_policy(WebKit.java:2469)
2023-10-04 22:50:21,293 [ERROR] LogOutputStream:75 - [STDERR_REDIRECT] 	at org.eclipse.swt.browser.WebKit.webViewProc(WebKit.java:743)
2023-10-04 22:50:21,293 [ERROR] LogOutputStream:75 - [STDERR_REDIRECT] 	at org.eclipse.swt.browser.WebKit.Proc(WebKit.java:664)
2023-10-04 22:50:21,294 [ERROR] LogOutputStream:75 - [STDERR_REDIRECT] 	at org.eclipse.swt.internal.gtk3.GTK3.gtk_main_iteration_do(Native Method)
2023-10-04 22:50:21,294 [ERROR] LogOutputStream:75 - [STDERR_REDIRECT] 	at org.eclipse.swt.widgets.Display.readAndDispatch(Display.java:4578)
2023-10-04 22:50:21,294 [ERROR] LogOutputStream:75 - [STDERR_REDIRECT] 	at org.eclipse.e4.ui.internal.workbench.swt.PartRenderingEngine$5.run(PartRenderingEngine.java:1155)
2023-10-04 22:50:21,295 [ERROR] LogOutputStream:75 - [STDERR_REDIRECT] 	at org.eclipse.core.databinding.observable.Realm.runWithDefault(Realm.java:338)
2023-10-04 22:50:21,295 [ERROR] LogOutputStream:75 - [STDERR_REDIRECT] 	at org.eclipse.e4.ui.internal.workbench.swt.PartRenderingEngine.run(PartRenderingEngine.java:1046)
2023-10-04 22:50:21,295 [ERROR] LogOutputStream:75 - [STDERR_REDIRECT] 	at org.eclipse.e4.ui.internal.workbench.E4Workbench.createAndRunUI(E4Workbench.java:155)
2023-10-04 22:50:21,295 [ERROR] LogOutputStream:75 - [STDERR_REDIRECT] 	at org.eclipse.ui.internal.Workbench.lambda$3(Workbench.java:644)
2023-10-04 22:50:21,295 [ERROR] LogOutputStream:75 - [STDERR_REDIRECT] 	at org.eclipse.core.databinding.observable.Realm.runWithDefault(Realm.java:338)
2023-10-04 22:50:21,296 [ERROR] LogOutputStream:75 - [STDERR_REDIRECT] 	at org.eclipse.ui.internal.Workbench.createAndRunWorkbench(Workbench.java:551)
2023-10-04 22:50:21,296 [ERROR] LogOutputStream:75 - [STDERR_REDIRECT] 	at org.eclipse.ui.PlatformUI.createAndRunWorkbench(PlatformUI.java:156)
2023-10-04 22:50:21,296 [ERROR] LogOutputStream:75 - [STDERR_REDIRECT] 	at org.eclipse.ui.internal.ide.application.IDEApplication.start(IDEApplication.java:152)
2023-10-04 22:50:21,296 [ERROR] LogOutputStream:75 - [STDERR_REDIRECT] 	at org.eclipse.equinox.internal.app.EclipseAppHandle.run(EclipseAppHandle.java:203)
2023-10-04 22:50:21,297 [ERROR] LogOutputStream:75 - [STDERR_REDIRECT] 	at org.eclipse.core.runtime.internal.adaptor.EclipseAppLauncher.runApplication(EclipseAppLauncher.java:136)
2023-10-04 22:50:21,297 [ERROR] LogOutputStream:75 - [STDERR_REDIRECT] 	at org.eclipse.core.runtime.internal.adaptor.EclipseAppLauncher.start(EclipseAppLauncher.java:104)
2023-10-04 22:50:21,297 [ERROR] LogOutputStream:75 - [STDERR_REDIRECT] 	at org.eclipse.core.runtime.adaptor.EclipseStarter.run(EclipseStarter.java:401)
2023-10-04 22:50:21,297 [ERROR] LogOutputStream:75 - [STDERR_REDIRECT] 	at org.eclipse.core.runtime.adaptor.EclipseStarter.run(EclipseStarter.java:255)
2023-10-04 22:50:21,297 [ERROR] LogOutputStream:75 - [STDERR_REDIRECT] 	at java.base/jdk.internal.reflect.NativeMethodAccessorImpl.invoke0(Native Method)
2023-10-04 22:50:21,298 [ERROR] LogOutputStream:75 - [STDERR_REDIRECT] 	at java.base/jdk.internal.reflect.NativeMethodAccessorImpl.invoke(NativeMethodAccessorImpl.java:62)
2023-10-04 22:50:21,298 [ERROR] LogOutputStream:75 - [STDERR_REDIRECT] 	at java.base/jdk.internal.reflect.DelegatingMethodAccessorImpl.invoke(DelegatingMethodAccessorImpl.java:43)
2023-10-04 22:50:21,298 [ERROR] LogOutputStream:75 - [STDERR_REDIRECT] 	at java.base/java.lang.reflect.Method.invoke(Method.java:566)
2023-10-04 22:50:21,298 [ERROR] LogOutputStream:75 - [STDERR_REDIRECT] 	at org.eclipse.equinox.launcher.Main.invokeFramework(Main.java:659)
2023-10-04 22:50:21,299 [ERROR] LogOutputStream:75 - [STDERR_REDIRECT] 	at org.eclipse.equinox.launcher.Main.basicRun(Main.java:596)
2023-10-04 22:50:21,299 [ERROR] LogOutputStream:75 - [STDERR_REDIRECT] 	at org.eclipse.equinox.launcher.Main.run(Main.java:1467)
2023-10-04 22:50:21,299 [ERROR] LogOutputStream:75 - [STDERR_REDIRECT] 	at org.eclipse.equinox.launcher.Main.main(Main.java:1440)
2023-10-04 22:50:21,369 [INFO] MainUpdater:2854 - connection check result : 10
2023-10-04 22:50:21,524 [ERROR] LogOutputStream:75 - [STDERR_REDIRECT] java.lang.NullPointerException
2023-10-04 22:50:21,525 [ERROR] LogOutputStream:75 - [STDERR_REDIRECT] 	at com.st.stm32cube.common.mx.targetselector.TargetSelectorAdapter.getBoard(TargetSelectorAdapter.java:372)
2023-10-04 22:50:21,525 [ERROR] LogOutputStream:75 - [STDERR_REDIRECT] 	at com.st.stm32cube.common.projectcreation.ui.wizard.TargetSetupPageAbstract.getSelectedTargetName(TargetSetupPageAbstract.java:455)
2023-10-04 22:50:21,526 [ERROR] LogOutputStream:75 - [STDERR_REDIRECT] 	at com.st.stm32cube.common.projectcreation.ui.wizard.FirmwareSetupPage.setOptionGroupComposite(FirmwareSetupPage.java:252)
2023-10-04 22:50:21,526 [ERROR] LogOutputStream:75 - [STDERR_REDIRECT] 	at com.st.stm32cube.common.projectcreation.ui.wizard.FirmwareSetupPage.createControl(FirmwareSetupPage.java:208)
2023-10-04 22:50:21,526 [ERROR] LogOutputStream:75 - [STDERR_REDIRECT] 	at org.eclipse.jface.wizard.Wizard.createPageControls(Wizard.java:178)
2023-10-04 22:50:21,526 [ERROR] LogOutputStream:75 - [STDERR_REDIRECT] 	at org.eclipse.jface.wizard.WizardDialog.createPageControls(WizardDialog.java:743)
2023-10-04 22:50:21,527 [ERROR] LogOutputStream:75 - [STDERR_REDIRECT] 	at org.eclipse.jface.wizard.WizardDialog.createContents(WizardDialog.java:635)
2023-10-04 22:50:21,527 [ERROR] LogOutputStream:75 - [STDERR_REDIRECT] 	at org.eclipse.jface.window.Window.create(Window.java:431)
2023-10-04 22:50:21,527 [ERROR] LogOutputStream:75 - [STDERR_REDIRECT] 	at org.eclipse.jface.dialogs.Dialog.create(Dialog.java:1094)
2023-10-04 22:50:21,527 [ERROR] LogOutputStream:75 - [STDERR_REDIRECT] 	at org.eclipse.jface.window.Window.open(Window.java:788)
2023-10-04 22:50:21,528 [ERROR] LogOutputStream:75 - [STDERR_REDIRECT] 	at com.st.stm32cube.ide.mcu.informationcenter.WelcomePageAction.run(WelcomePageAction.java:54)
2023-10-04 22:50:21,528 [ERROR] LogOutputStream:75 - [STDERR_REDIRECT] 	at org.eclipse.ui.internal.intro.impl.model.url.IntroURL.runAction(IntroURL.java:279)
2023-10-04 22:50:21,528 [ERROR] LogOutputStream:75 - [STDERR_REDIRECT] 	at org.eclipse.ui.internal.intro.impl.model.url.IntroURL.doExecute(IntroURL.java:190)
2023-10-04 22:50:21,529 [ERROR] LogOutputStream:75 - [STDERR_REDIRECT] 	at org.eclipse.ui.internal.intro.impl.model.url.IntroURL.lambda$0(IntroURL.java:145)
2023-10-04 22:50:21,529 [ERROR] LogOutputStream:75 - [STDERR_REDIRECT] 	at org.eclipse.swt.custom.BusyIndicator.showWhile(BusyIndicator.java:74)
2023-10-04 22:50:21,530 [ERROR] LogOutputStream:75 - [STDERR_REDIRECT] 	at org.eclipse.ui.internal.intro.impl.model.url.IntroURL.execute(IntroURL.java:145)
2023-10-04 22:50:21,530 [ERROR] LogOutputStream:75 - [STDERR_REDIRECT] 	at org.eclipse.ui.internal.intro.impl.presentations.BrowserIntroPartLocationListener.changing(BrowserIntroPartLocationListener.java:130)
2023-10-04 22:50:21,530 [ERROR] LogOutputStream:75 - [STDERR_REDIRECT] 	at org.eclipse.swt.browser.WebKit.webkit_decide_policy(WebKit.java:2469)
2023-10-04 22:50:21,530 [ERROR] LogOutputStream:75 - [STDERR_REDIRECT] 	at org.eclipse.swt.browser.WebKit.webViewProc(WebKit.java:743)
2023-10-04 22:50:21,531 [ERROR] LogOutputStream:75 - [STDERR_REDIRECT] 	at org.eclipse.swt.browser.WebKit.Proc(WebKit.java:664)
2023-10-04 22:50:21,531 [ERROR] LogOutputStream:75 - [STDERR_REDIRECT] 	at org.eclipse.swt.internal.gtk3.GTK3.gtk_main_iteration_do(Native Method)
2023-10-04 22:50:21,531 [ERROR] LogOutputStream:75 - [STDERR_REDIRECT] 	at org.eclipse.swt.widgets.Display.readAndDispatch(Display.java:4578)
2023-10-04 22:50:21,531 [ERROR] LogOutputStream:75 - [STDERR_REDIRECT] 	at com.st.stm32cube.common.mx.oss.core.awtswtbridge.SwtInputBlocker.open(SwtInputBlocker.java:55)
2023-10-04 22:50:21,532 [ERROR] LogOutputStream:75 - [STDERR_REDIRECT] 	at com.st.stm32cube.common.mx.oss.core.awtswtbridge.SwtInputBlocker.block(SwtInputBlocker.java:111)
2023-10-04 22:50:21,532 [ERROR] LogOutputStream:75 - [STDERR_REDIRECT] 	at com.st.stm32cube.common.mx.oss.core.awtswtbridge.AwtEnvironment.invokeAwt(AwtEnvironment.java:179)
2023-10-04 22:50:21,532 [ERROR] LogOutputStream:75 - [STDERR_REDIRECT] 	at com.st.stm32cube.common.mx.oss.core.awtswtbridge.AwtEnvironment.invokeAwtAndBlockSwt(AwtEnvironment.java:206)
2023-10-04 22:50:21,532 [ERROR] LogOutputStream:75 - [STDERR_REDIRECT] 	at com.st.stm32cube.common.mx.targetselector.TargetSelectorAdapter.launchMCUFinder(TargetSelectorAdapter.java:233)
2023-10-04 22:50:21,533 [ERROR] LogOutputStream:75 - [STDERR_REDIRECT] 	at com.st.stm32cube.common.mx.targetselector.TargetSelectorAdapter.addTargetSelector(TargetSelectorAdapter.java:181)
2023-10-04 22:50:21,533 [ERROR] LogOutputStream:75 - [STDERR_REDIRECT] 	at com.st.stm32cube.common.projectcreation.ui.wizard.TargetSetupPageAbstract.createControl(TargetSetupPageAbstract.java:131)
2023-10-04 22:50:21,533 [ERROR] LogOutputStream:75 - [STDERR_REDIRECT] 	at org.eclipse.jface.wizard.Wizard.createPageControls(Wizard.java:178)
2023-10-04 22:50:21,533 [ERROR] LogOutputStream:75 - [STDERR_REDIRECT] 	at org.eclipse.jface.wizard.WizardDialog.createPageControls(WizardDialog.java:743)
2023-10-04 22:50:21,534 [ERROR] LogOutputStream:75 - [STDERR_REDIRECT] 	at org.eclipse.jface.wizard.WizardDialog.createContents(WizardDialog.java:635)
2023-10-04 22:50:21,534 [ERROR] LogOutputStream:75 - [STDERR_REDIRECT] 	at org.eclipse.jface.window.Window.create(Window.java:431)
2023-10-04 22:50:21,534 [ERROR] LogOutputStream:75 - [STDERR_REDIRECT] 	at org.eclipse.jface.dialogs.Dialog.create(Dialog.java:1094)
2023-10-04 22:50:21,535 [ERROR] LogOutputStream:75 - [STDERR_REDIRECT] 	at org.eclipse.jface.window.Window.open(Window.java:788)
2023-10-04 22:50:21,535 [ERROR] LogOutputStream:75 - [STDERR_REDIRECT] 	at com.st.stm32cube.ide.mcu.informationcenter.WelcomePageAction.run(WelcomePageAction.java:54)
2023-10-04 22:50:21,535 [ERROR] LogOutputStream:75 - [STDERR_REDIRECT] 	at org.eclipse.ui.internal.intro.impl.model.url.IntroURL.runAction(IntroURL.java:279)
2023-10-04 22:50:21,535 [ERROR] LogOutputStream:75 - [STDERR_REDIRECT] 	at org.eclipse.ui.internal.intro.impl.model.url.IntroURL.doExecute(IntroURL.java:190)
2023-10-04 22:50:21,536 [ERROR] LogOutputStream:75 - [STDERR_REDIRECT] 	at org.eclipse.ui.internal.intro.impl.model.url.IntroURL.lambda$0(IntroURL.java:145)
2023-10-04 22:50:21,536 [ERROR] LogOutputStream:75 - [STDERR_REDIRECT] 	at org.eclipse.swt.custom.BusyIndicator.showWhile(BusyIndicator.java:74)
2023-10-04 22:50:21,536 [ERROR] LogOutputStream:75 - [STDERR_REDIRECT] 	at org.eclipse.ui.internal.intro.impl.model.url.IntroURL.execute(IntroURL.java:145)
2023-10-04 22:50:21,536 [ERROR] LogOutputStream:75 - [STDERR_REDIRECT] 	at org.eclipse.ui.internal.intro.impl.presentations.BrowserIntroPartLocationListener.changing(BrowserIntroPartLocationListener.java:130)
2023-10-04 22:50:21,537 [ERROR] LogOutputStream:75 - [STDERR_REDIRECT] 	at org.eclipse.swt.browser.WebKit.webkit_decide_policy(WebKit.java:2469)
2023-10-04 22:50:21,537 [ERROR] LogOutputStream:75 - [STDERR_REDIRECT] 	at org.eclipse.swt.browser.WebKit.webViewProc(WebKit.java:743)
2023-10-04 22:50:21,537 [ERROR] LogOutputStream:75 - [STDERR_REDIRECT] 	at org.eclipse.swt.browser.WebKit.Proc(WebKit.java:664)
2023-10-04 22:50:21,538 [ERROR] LogOutputStream:75 - [STDERR_REDIRECT] 	at org.eclipse.swt.internal.gtk3.GTK3.gtk_main_iteration_do(Native Method)
2023-10-04 22:50:21,538 [ERROR] LogOutputStream:75 - [STDERR_REDIRECT] 	at org.eclipse.swt.widgets.Display.readAndDispatch(Display.java:4578)
2023-10-04 22:50:21,538 [ERROR] LogOutputStream:75 - [STDERR_REDIRECT] 	at org.eclipse.e4.ui.internal.workbench.swt.PartRenderingEngine$5.run(PartRenderingEngine.java:1155)
2023-10-04 22:50:21,538 [ERROR] LogOutputStream:75 - [STDERR_REDIRECT] 	at org.eclipse.core.databinding.observable.Realm.runWithDefault(Realm.java:338)
2023-10-04 22:50:21,538 [ERROR] LogOutputStream:75 - [STDERR_REDIRECT] 	at org.eclipse.e4.ui.internal.workbench.swt.PartRenderingEngine.run(PartRenderingEngine.java:1046)
2023-10-04 22:50:21,539 [ERROR] LogOutputStream:75 - [STDERR_REDIRECT] 	at org.eclipse.e4.ui.internal.workbench.E4Workbench.createAndRunUI(E4Workbench.java:155)
2023-10-04 22:50:21,539 [ERROR] LogOutputStream:75 - [STDERR_REDIRECT] 	at org.eclipse.ui.internal.Workbench.lambda$3(Workbench.java:644)
2023-10-04 22:50:21,539 [ERROR] LogOutputStream:75 - [STDERR_REDIRECT] 	at org.eclipse.core.databinding.observable.Realm.runWithDefault(Realm.java:338)
2023-10-04 22:50:21,540 [ERROR] LogOutputStream:75 - [STDERR_REDIRECT] 	at org.eclipse.ui.internal.Workbench.createAndRunWorkbench(Workbench.java:551)
2023-10-04 22:50:21,540 [ERROR] LogOutputStream:75 - [STDERR_REDIRECT] 	at org.eclipse.ui.PlatformUI.createAndRunWorkbench(PlatformUI.java:156)
2023-10-04 22:50:21,540 [ERROR] LogOutputStream:75 - [STDERR_REDIRECT] 	at org.eclipse.ui.internal.ide.application.IDEApplication.start(IDEApplication.java:152)
2023-10-04 22:50:21,541 [ERROR] LogOutputStream:75 - [STDERR_REDIRECT] 	at org.eclipse.equinox.internal.app.EclipseAppHandle.run(EclipseAppHandle.java:203)
2023-10-04 22:50:21,541 [ERROR] LogOutputStream:75 - [STDERR_REDIRECT] 	at org.eclipse.core.runtime.internal.adaptor.EclipseAppLauncher.runApplication(EclipseAppLauncher.java:136)
2023-10-04 22:50:21,541 [ERROR] LogOutputStream:75 - [STDERR_REDIRECT] 	at org.eclipse.core.runtime.internal.adaptor.EclipseAppLauncher.start(EclipseAppLauncher.java:104)
2023-10-04 22:50:21,542 [ERROR] LogOutputStream:75 - [STDERR_REDIRECT] 	at org.eclipse.core.runtime.adaptor.EclipseStarter.run(EclipseStarter.java:401)
2023-10-04 22:50:21,542 [ERROR] LogOutputStream:75 - [STDERR_REDIRECT] 	at org.eclipse.core.runtime.adaptor.EclipseStarter.run(EclipseStarter.java:255)
2023-10-04 22:50:21,542 [ERROR] LogOutputStream:75 - [STDERR_REDIRECT] 	at java.base/jdk.internal.reflect.NativeMethodAccessorImpl.invoke0(Native Method)
2023-10-04 22:50:21,542 [ERROR] LogOutputStream:75 - [STDERR_REDIRECT] 	at java.base/jdk.internal.reflect.NativeMethodAccessorImpl.invoke(NativeMethodAccessorImpl.java:62)
2023-10-04 22:50:21,543 [ERROR] LogOutputStream:75 - [STDERR_REDIRECT] 	at java.base/jdk.internal.reflect.DelegatingMethodAccessorImpl.invoke(DelegatingMethodAccessorImpl.java:43)
2023-10-04 22:50:21,543 [ERROR] LogOutputStream:75 - [STDERR_REDIRECT] 	at java.base/java.lang.reflect.Method.invoke(Method.java:566)
2023-10-04 22:50:21,543 [ERROR] LogOutputStream:75 - [STDERR_REDIRECT] 	at org.eclipse.equinox.launcher.Main.invokeFramework(Main.java:659)
2023-10-04 22:50:21,543 [ERROR] LogOutputStream:75 - [STDERR_REDIRECT] 	at org.eclipse.equinox.launcher.Main.basicRun(Main.java:596)
2023-10-04 22:50:21,544 [ERROR] LogOutputStream:75 - [STDERR_REDIRECT] 	at org.eclipse.equinox.launcher.Main.run(Main.java:1467)
2023-10-04 22:50:21,544 [ERROR] LogOutputStream:75 - [STDERR_REDIRECT] 	at org.eclipse.equinox.launcher.Main.main(Main.java:1440)
2023-10-04 22:50:21,573 [INFO] MainUpdater:2854 - connection check result : 10
2023-10-04 22:50:21,614 [ERROR] LogOutputStream:75 - [STDERR_REDIRECT] java.lang.NullPointerException
2023-10-04 22:50:21,614 [ERROR] LogOutputStream:75 - [STDERR_REDIRECT] 	at com.st.stm32cube.common.projectcreation.ui.wizard.TargetSetupPageAbstract.createControl(TargetSetupPageAbstract.java:132)
2023-10-04 22:50:21,614 [ERROR] LogOutputStream:75 - [STDERR_REDIRECT] 	at org.eclipse.jface.wizard.Wizard.createPageControls(Wizard.java:178)
2023-10-04 22:50:21,615 [ERROR] LogOutputStream:75 - [STDERR_REDIRECT] 	at org.eclipse.jface.wizard.WizardDialog.createPageControls(WizardDialog.java:743)
2023-10-04 22:50:21,615 [ERROR] LogOutputStream:75 - [STDERR_REDIRECT] 	at org.eclipse.jface.wizard.WizardDialog.createContents(WizardDialog.java:635)
2023-10-04 22:50:21,616 [ERROR] LogOutputStream:75 - [STDERR_REDIRECT] 	at org.eclipse.jface.window.Window.create(Window.java:431)
2023-10-04 22:50:21,616 [ERROR] LogOutputStream:75 - [STDERR_REDIRECT] 	at org.eclipse.jface.dialogs.Dialog.create(Dialog.java:1094)
2023-10-04 22:50:21,616 [ERROR] LogOutputStream:75 - [STDERR_REDIRECT] 	at org.eclipse.jface.window.Window.open(Window.java:788)
2023-10-04 22:50:21,617 [ERROR] LogOutputStream:75 - [STDERR_REDIRECT] 	at com.st.stm32cube.ide.mcu.informationcenter.WelcomePageAction.run(WelcomePageAction.java:54)
2023-10-04 22:50:21,617 [ERROR] LogOutputStream:75 - [STDERR_REDIRECT] 	at org.eclipse.ui.internal.intro.impl.model.url.IntroURL.runAction(IntroURL.java:279)
2023-10-04 22:50:21,617 [ERROR] LogOutputStream:75 - [STDERR_REDIRECT] 	at org.eclipse.ui.internal.intro.impl.model.url.IntroURL.doExecute(IntroURL.java:190)
2023-10-04 22:50:21,618 [ERROR] LogOutputStream:75 - [STDERR_REDIRECT] 	at org.eclipse.ui.internal.intro.impl.model.url.IntroURL.lambda$0(IntroURL.java:145)
2023-10-04 22:50:21,618 [ERROR] LogOutputStream:75 - [STDERR_REDIRECT] 	at org.eclipse.swt.custom.BusyIndicator.showWhile(BusyIndicator.java:74)
2023-10-04 22:50:21,618 [ERROR] LogOutputStream:75 - [STDERR_REDIRECT] 	at org.eclipse.ui.internal.intro.impl.model.url.IntroURL.execute(IntroURL.java:145)
2023-10-04 22:50:21,618 [ERROR] LogOutputStream:75 - [STDERR_REDIRECT] 	at org.eclipse.ui.internal.intro.impl.presentations.BrowserIntroPartLocationListener.changing(BrowserIntroPartLocationListener.java:130)
2023-10-04 22:50:21,619 [ERROR] LogOutputStream:75 - [STDERR_REDIRECT] 	at org.eclipse.swt.browser.WebKit.webkit_decide_policy(WebKit.java:2469)
2023-10-04 22:50:21,619 [ERROR] LogOutputStream:75 - [STDERR_REDIRECT] 	at org.eclipse.swt.browser.WebKit.webViewProc(WebKit.java:743)
2023-10-04 22:50:21,619 [ERROR] LogOutputStream:75 - [STDERR_REDIRECT] 	at org.eclipse.swt.browser.WebKit.Proc(WebKit.java:664)
2023-10-04 22:50:21,620 [ERROR] LogOutputStream:75 - [STDERR_REDIRECT] 	at org.eclipse.swt.internal.gtk3.GTK3.gtk_main_iteration_do(Native Method)
2023-10-04 22:50:21,620 [ERROR] LogOutputStream:75 - [STDERR_REDIRECT] 	at org.eclipse.swt.widgets.Display.readAndDispatch(Display.java:4578)
2023-10-04 22:50:21,621 [ERROR] LogOutputStream:75 - [STDERR_REDIRECT] 	at com.st.stm32cube.common.mx.oss.core.awtswtbridge.SwtInputBlocker.open(SwtInputBlocker.java:55)
2023-10-04 22:50:21,621 [ERROR] LogOutputStream:75 - [STDERR_REDIRECT] 	at com.st.stm32cube.common.mx.oss.core.awtswtbridge.SwtInputBlocker.block(SwtInputBlocker.java:111)
2023-10-04 22:50:21,621 [ERROR] LogOutputStream:75 - [STDERR_REDIRECT] 	at com.st.stm32cube.common.mx.oss.core.awtswtbridge.AwtEnvironment.invokeAwt(AwtEnvironment.java:179)
2023-10-04 22:50:21,621 [ERROR] LogOutputStream:75 - [STDERR_REDIRECT] 	at com.st.stm32cube.common.mx.oss.core.awtswtbridge.AwtEnvironment.invokeAwtAndBlockSwt(AwtEnvironment.java:206)
2023-10-04 22:50:21,622 [ERROR] LogOutputStream:75 - [STDERR_REDIRECT] 	at com.st.stm32cube.common.mx.targetselector.TargetSelectorAdapter.launchMCUFinder(TargetSelectorAdapter.java:233)
2023-10-04 22:50:21,622 [ERROR] LogOutputStream:75 - [STDERR_REDIRECT] 	at com.st.stm32cube.common.mx.targetselector.TargetSelectorAdapter.addTargetSelector(TargetSelectorAdapter.java:181)
2023-10-04 22:50:21,622 [ERROR] LogOutputStream:75 - [STDERR_REDIRECT] 	at com.st.stm32cube.common.projectcreation.ui.wizard.TargetSetupPageAbstract.createControl(TargetSetupPageAbstract.java:131)
2023-10-04 22:50:21,622 [ERROR] LogOutputStream:75 - [STDERR_REDIRECT] 	at org.eclipse.jface.wizard.Wizard.createPageControls(Wizard.java:178)
2023-10-04 22:50:21,622 [ERROR] LogOutputStream:75 - [STDERR_REDIRECT] 	at org.eclipse.jface.wizard.WizardDialog.createPageControls(WizardDialog.java:743)
2023-10-04 22:50:21,623 [ERROR] LogOutputStream:75 - [STDERR_REDIRECT] 	at org.eclipse.jface.wizard.WizardDialog.createContents(WizardDialog.java:635)
2023-10-04 22:50:21,623 [ERROR] LogOutputStream:75 - [STDERR_REDIRECT] 	at org.eclipse.jface.window.Window.create(Window.java:431)
2023-10-04 22:50:21,623 [ERROR] LogOutputStream:75 - [STDERR_REDIRECT] 	at org.eclipse.jface.dialogs.Dialog.create(Dialog.java:1094)
2023-10-04 22:50:21,623 [ERROR] LogOutputStream:75 - [STDERR_REDIRECT] 	at org.eclipse.jface.window.Window.open(Window.java:788)
2023-10-04 22:50:21,624 [ERROR] LogOutputStream:75 - [STDERR_REDIRECT] 	at com.st.stm32cube.ide.mcu.informationcenter.WelcomePageAction.run(WelcomePageAction.java:54)
2023-10-04 22:50:21,624 [ERROR] LogOutputStream:75 - [STDERR_REDIRECT] 	at org.eclipse.ui.internal.intro.impl.model.url.IntroURL.runAction(IntroURL.java:279)
2023-10-04 22:50:21,624 [ERROR] LogOutputStream:75 - [STDERR_REDIRECT] 	at org.eclipse.ui.internal.intro.impl.model.url.IntroURL.doExecute(IntroURL.java:190)
2023-10-04 22:50:21,625 [ERROR] LogOutputStream:75 - [STDERR_REDIRECT] 	at org.eclipse.ui.internal.intro.impl.model.url.IntroURL.lambda$0(IntroURL.java:145)
2023-10-04 22:50:21,625 [ERROR] LogOutputStream:75 - [STDERR_REDIRECT] 	at org.eclipse.swt.custom.BusyIndicator.showWhile(BusyIndicator.java:74)
2023-10-04 22:50:21,625 [ERROR] LogOutputStream:75 - [STDERR_REDIRECT] 	at org.eclipse.ui.internal.intro.impl.model.url.IntroURL.execute(IntroURL.java:145)
2023-10-04 22:50:21,626 [ERROR] LogOutputStream:75 - [STDERR_REDIRECT] 	at org.eclipse.ui.internal.intro.impl.presentations.BrowserIntroPartLocationListener.changing(BrowserIntroPartLocationListener.java:130)
2023-10-04 22:50:21,626 [ERROR] LogOutputStream:75 - [STDERR_REDIRECT] 	at org.eclipse.swt.browser.WebKit.webkit_decide_policy(WebKit.java:2469)
2023-10-04 22:50:21,626 [ERROR] LogOutputStream:75 - [STDERR_REDIRECT] 	at org.eclipse.swt.browser.WebKit.webViewProc(WebKit.java:743)
2023-10-04 22:50:21,626 [ERROR] LogOutputStream:75 - [STDERR_REDIRECT] 	at org.eclipse.swt.browser.WebKit.Proc(WebKit.java:664)
2023-10-04 22:50:21,626 [ERROR] LogOutputStream:75 - [STDERR_REDIRECT] 	at org.eclipse.swt.internal.gtk3.GTK3.gtk_main_iteration_do(Native Method)
2023-10-04 22:50:21,627 [ERROR] LogOutputStream:75 - [STDERR_REDIRECT] 	at org.eclipse.swt.widgets.Display.readAndDispatch(Display.java:4578)
2023-10-04 22:50:21,627 [ERROR] LogOutputStream:75 - [STDERR_REDIRECT] 	at org.eclipse.e4.ui.internal.workbench.swt.PartRenderingEngine$5.run(PartRenderingEngine.java:1155)
2023-10-04 22:50:21,627 [ERROR] LogOutputStream:75 - [STDERR_REDIRECT] 	at org.eclipse.core.databinding.observable.Realm.runWithDefault(Realm.java:338)
2023-10-04 22:50:21,627 [ERROR] LogOutputStream:75 - [STDERR_REDIRECT] 	at org.eclipse.e4.ui.internal.workbench.swt.PartRenderingEngine.run(PartRenderingEngine.java:1046)
2023-10-04 22:50:21,628 [ERROR] LogOutputStream:75 - [STDERR_REDIRECT] 	at org.eclipse.e4.ui.internal.workbench.E4Workbench.createAndRunUI(E4Workbench.java:155)
2023-10-04 22:50:21,628 [ERROR] LogOutputStream:75 - [STDERR_REDIRECT] 	at org.eclipse.ui.internal.Workbench.lambda$3(Workbench.java:644)
2023-10-04 22:50:21,628 [ERROR] LogOutputStream:75 - [STDERR_REDIRECT] 	at org.eclipse.core.databinding.observable.Realm.runWithDefault(Realm.java:338)
2023-10-04 22:50:21,628 [ERROR] LogOutputStream:75 - [STDERR_REDIRECT] 	at org.eclipse.ui.internal.Workbench.createAndRunWorkbench(Workbench.java:551)
2023-10-04 22:50:21,629 [ERROR] LogOutputStream:75 - [STDERR_REDIRECT] 	at org.eclipse.ui.PlatformUI.createAndRunWorkbench(PlatformUI.java:156)
2023-10-04 22:50:21,629 [ERROR] LogOutputStream:75 - [STDERR_REDIRECT] 	at org.eclipse.ui.internal.ide.application.IDEApplication.start(IDEApplication.java:152)
2023-10-04 22:50:21,629 [ERROR] LogOutputStream:75 - [STDERR_REDIRECT] 	at org.eclipse.equinox.internal.app.EclipseAppHandle.run(EclipseAppHandle.java:203)
2023-10-04 22:50:21,629 [ERROR] LogOutputStream:75 - [STDERR_REDIRECT] 	at org.eclipse.core.runtime.internal.adaptor.EclipseAppLauncher.runApplication(EclipseAppLauncher.java:136)
2023-10-04 22:50:21,630 [ERROR] LogOutputStream:75 - [STDERR_REDIRECT] 	at org.eclipse.core.runtime.internal.adaptor.EclipseAppLauncher.start(EclipseAppLauncher.java:104)
2023-10-04 22:50:21,630 [ERROR] LogOutputStream:75 - [STDERR_REDIRECT] 	at org.eclipse.core.runtime.adaptor.EclipseStarter.run(EclipseStarter.java:401)
2023-10-04 22:50:21,630 [ERROR] LogOutputStream:75 - [STDERR_REDIRECT] 	at org.eclipse.core.runtime.adaptor.EclipseStarter.run(EclipseStarter.java:255)
2023-10-04 22:50:21,630 [ERROR] LogOutputStream:75 - [STDERR_REDIRECT] 	at java.base/jdk.internal.reflect.NativeMethodAccessorImpl.invoke0(Native Method)
2023-10-04 22:50:21,630 [ERROR] LogOutputStream:75 - [STDERR_REDIRECT] 	at java.base/jdk.internal.reflect.NativeMethodAccessorImpl.invoke(NativeMethodAccessorImpl.java:62)
2023-10-04 22:50:21,631 [ERROR] LogOutputStream:75 - [STDERR_REDIRECT] 	at java.base/jdk.internal.reflect.DelegatingMethodAccessorImpl.invoke(DelegatingMethodAccessorImpl.java:43)
2023-10-04 22:50:21,631 [ERROR] LogOutputStream:75 - [STDERR_REDIRECT] 	at java.base/java.lang.reflect.Method.invoke(Method.java:566)
2023-10-04 22:50:21,631 [ERROR] LogOutputStream:75 - [STDERR_REDIRECT] 	at org.eclipse.equinox.launcher.Main.invokeFramework(Main.java:659)
2023-10-04 22:50:21,631 [ERROR] LogOutputStream:75 - [STDERR_REDIRECT] 	at org.eclipse.equinox.launcher.Main.basicRun(Main.java:596)
2023-10-04 22:50:21,632 [ERROR] LogOutputStream:75 - [STDERR_REDIRECT] 	at org.eclipse.equinox.launcher.Main.run(Main.java:1467)
2023-10-04 22:50:21,632 [ERROR] LogOutputStream:75 - [STDERR_REDIRECT] 	at org.eclipse.equinox.launcher.Main.main(Main.java:1440)
2023-10-04 22:50:21,652 [INFO] MainUpdater:2854 - connection check result : 10
2023-10-04 22:50:21,690 [ERROR] LogOutputStream:75 - [STDERR_REDIRECT] java.lang.NullPointerException
2023-10-04 22:50:21,690 [ERROR] LogOutputStream:75 - [STDERR_REDIRECT] 	at com.st.stm32cube.common.projectcreation.ui.wizard.TargetSetupPageAbstract.createControl(TargetSetupPageAbstract.java:132)
2023-10-04 22:50:21,690 [ERROR] LogOutputStream:75 - [STDERR_REDIRECT] 	at org.eclipse.jface.wizard.Wizard.createPageControls(Wizard.java:178)
2023-10-04 22:50:21,691 [ERROR] LogOutputStream:75 - [STDERR_REDIRECT] 	at org.eclipse.jface.wizard.WizardDialog.createPageControls(WizardDialog.java:743)
2023-10-04 22:50:21,691 [ERROR] LogOutputStream:75 - [STDERR_REDIRECT] 	at org.eclipse.jface.wizard.WizardDialog.createContents(WizardDialog.java:635)
2023-10-04 22:50:21,692 [ERROR] LogOutputStream:75 - [STDERR_REDIRECT] 	at org.eclipse.jface.window.Window.create(Window.java:431)
2023-10-04 22:50:21,692 [ERROR] LogOutputStream:75 - [STDERR_REDIRECT] 	at org.eclipse.jface.dialogs.Dialog.create(Dialog.java:1094)
2023-10-04 22:50:21,692 [ERROR] LogOutputStream:75 - [STDERR_REDIRECT] 	at org.eclipse.jface.window.Window.open(Window.java:788)
2023-10-04 22:50:21,693 [ERROR] LogOutputStream:75 - [STDERR_REDIRECT] 	at com.st.stm32cube.ide.mcu.informationcenter.WelcomePageAction.run(WelcomePageAction.java:54)
2023-10-04 22:50:21,693 [ERROR] LogOutputStream:75 - [STDERR_REDIRECT] 	at org.eclipse.ui.internal.intro.impl.model.url.IntroURL.runAction(IntroURL.java:279)
2023-10-04 22:50:21,693 [ERROR] LogOutputStream:75 - [STDERR_REDIRECT] 	at org.eclipse.ui.internal.intro.impl.model.url.IntroURL.doExecute(IntroURL.java:190)
2023-10-04 22:50:21,693 [ERROR] LogOutputStream:75 - [STDERR_REDIRECT] 	at org.eclipse.ui.internal.intro.impl.model.url.IntroURL.lambda$0(IntroURL.java:145)
2023-10-04 22:50:21,694 [ERROR] LogOutputStream:75 - [STDERR_REDIRECT] 	at org.eclipse.swt.custom.BusyIndicator.showWhile(BusyIndicator.java:74)
2023-10-04 22:50:21,694 [ERROR] LogOutputStream:75 - [STDERR_REDIRECT] 	at org.eclipse.ui.internal.intro.impl.model.url.IntroURL.execute(IntroURL.java:145)
2023-10-04 22:50:21,694 [ERROR] LogOutputStream:75 - [STDERR_REDIRECT] 	at org.eclipse.ui.internal.intro.impl.presentations.BrowserIntroPartLocationListener.changing(BrowserIntroPartLocationListener.java:130)
2023-10-04 22:50:21,695 [ERROR] LogOutputStream:75 - [STDERR_REDIRECT] 	at org.eclipse.swt.browser.WebKit.webkit_decide_policy(WebKit.java:2469)
2023-10-04 22:50:21,695 [ERROR] LogOutputStream:75 - [STDERR_REDIRECT] 	at org.eclipse.swt.browser.WebKit.webViewProc(WebKit.java:743)
2023-10-04 22:50:21,695 [ERROR] LogOutputStream:75 - [STDERR_REDIRECT] 	at org.eclipse.swt.browser.WebKit.Proc(WebKit.java:664)
2023-10-04 22:50:21,695 [ERROR] LogOutputStream:75 - [STDERR_REDIRECT] 	at org.eclipse.swt.internal.gtk3.GTK3.gtk_main_iteration_do(Native Method)
2023-10-04 22:50:21,696 [ERROR] LogOutputStream:75 - [STDERR_REDIRECT] 	at org.eclipse.swt.widgets.Display.readAndDispatch(Display.java:4578)
2023-10-04 22:50:21,696 [ERROR] LogOutputStream:75 - [STDERR_REDIRECT] 	at com.st.stm32cube.common.mx.oss.core.awtswtbridge.SwtInputBlocker.open(SwtInputBlocker.java:55)
2023-10-04 22:50:21,696 [ERROR] LogOutputStream:75 - [STDERR_REDIRECT] 	at com.st.stm32cube.common.mx.oss.core.awtswtbridge.SwtInputBlocker.block(SwtInputBlocker.java:111)
2023-10-04 22:50:21,696 [ERROR] LogOutputStream:75 - [STDERR_REDIRECT] 	at com.st.stm32cube.common.mx.oss.core.awtswtbridge.AwtEnvironment.invokeAwt(AwtEnvironment.java:179)
2023-10-04 22:50:21,696 [ERROR] LogOutputStream:75 - [STDERR_REDIRECT] 	at com.st.stm32cube.common.mx.oss.core.awtswtbridge.AwtEnvironment.invokeAwtAndBlockSwt(AwtEnvironment.java:206)
2023-10-04 22:50:21,697 [ERROR] LogOutputStream:75 - [STDERR_REDIRECT] 	at com.st.stm32cube.common.mx.targetselector.TargetSelectorAdapter.launchMCUFinder(TargetSelectorAdapter.java:233)
2023-10-04 22:50:21,697 [ERROR] LogOutputStream:75 - [STDERR_REDIRECT] 	at com.st.stm32cube.common.mx.targetselector.TargetSelectorAdapter.addTargetSelector(TargetSelectorAdapter.java:181)
2023-10-04 22:50:21,697 [ERROR] LogOutputStream:75 - [STDERR_REDIRECT] 	at com.st.stm32cube.common.projectcreation.ui.wizard.TargetSetupPageAbstract.createControl(TargetSetupPageAbstract.java:131)
2023-10-04 22:50:21,697 [ERROR] LogOutputStream:75 - [STDERR_REDIRECT] 	at org.eclipse.jface.wizard.Wizard.createPageControls(Wizard.java:178)
2023-10-04 22:50:21,697 [ERROR] LogOutputStream:75 - [STDERR_REDIRECT] 	at org.eclipse.jface.wizard.WizardDialog.createPageControls(WizardDialog.java:743)
2023-10-04 22:50:21,698 [ERROR] LogOutputStream:75 - [STDERR_REDIRECT] 	at org.eclipse.jface.wizard.WizardDialog.createContents(WizardDialog.java:635)
2023-10-04 22:50:21,698 [ERROR] LogOutputStream:75 - [STDERR_REDIRECT] 	at org.eclipse.jface.window.Window.create(Window.java:431)
2023-10-04 22:50:21,698 [ERROR] LogOutputStream:75 - [STDERR_REDIRECT] 	at org.eclipse.jface.dialogs.Dialog.create(Dialog.java:1094)
2023-10-04 22:50:21,698 [ERROR] LogOutputStream:75 - [STDERR_REDIRECT] 	at org.eclipse.jface.window.Window.open(Window.java:788)
2023-10-04 22:50:21,699 [ERROR] LogOutputStream:75 - [STDERR_REDIRECT] 	at com.st.stm32cube.ide.mcu.informationcenter.WelcomePageAction.run(WelcomePageAction.java:54)
2023-10-04 22:50:21,699 [ERROR] LogOutputStream:75 - [STDERR_REDIRECT] 	at org.eclipse.ui.internal.intro.impl.model.url.IntroURL.runAction(IntroURL.java:279)
2023-10-04 22:50:21,699 [ERROR] LogOutputStream:75 - [STDERR_REDIRECT] 	at org.eclipse.ui.internal.intro.impl.model.url.IntroURL.doExecute(IntroURL.java:190)
2023-10-04 22:50:21,700 [ERROR] LogOutputStream:75 - [STDERR_REDIRECT] 	at org.eclipse.ui.internal.intro.impl.model.url.IntroURL.lambda$0(IntroURL.java:145)
2023-10-04 22:50:21,700 [ERROR] LogOutputStream:75 - [STDERR_REDIRECT] 	at org.eclipse.swt.custom.BusyIndicator.showWhile(BusyIndicator.java:74)
2023-10-04 22:50:21,700 [ERROR] LogOutputStream:75 - [STDERR_REDIRECT] 	at org.eclipse.ui.internal.intro.impl.model.url.IntroURL.execute(IntroURL.java:145)
2023-10-04 22:50:21,700 [ERROR] LogOutputStream:75 - [STDERR_REDIRECT] 	at org.eclipse.ui.internal.intro.impl.presentations.BrowserIntroPartLocationListener.changing(BrowserIntroPartLocationListener.java:130)
2023-10-04 22:50:21,701 [ERROR] LogOutputStream:75 - [STDERR_REDIRECT] 	at org.eclipse.swt.browser.WebKit.webkit_decide_policy(WebKit.java:2469)
2023-10-04 22:50:21,701 [ERROR] LogOutputStream:75 - [STDERR_REDIRECT] 	at org.eclipse.swt.browser.WebKit.webViewProc(WebKit.java:743)
2023-10-04 22:50:21,701 [ERROR] LogOutputStream:75 - [STDERR_REDIRECT] 	at org.eclipse.swt.browser.WebKit.Proc(WebKit.java:664)
2023-10-04 22:50:21,701 [ERROR] LogOutputStream:75 - [STDERR_REDIRECT] 	at org.eclipse.swt.internal.gtk3.GTK3.gtk_main_iteration_do(Native Method)
2023-10-04 22:50:21,702 [ERROR] LogOutputStream:75 - [STDERR_REDIRECT] 	at org.eclipse.swt.widgets.Display.readAndDispatch(Display.java:4578)
2023-10-04 22:50:21,702 [ERROR] LogOutputStream:75 - [STDERR_REDIRECT] 	at org.eclipse.e4.ui.internal.workbench.swt.PartRenderingEngine$5.run(PartRenderingEngine.java:1155)
2023-10-04 22:50:21,702 [ERROR] LogOutputStream:75 - [STDERR_REDIRECT] 	at org.eclipse.core.databinding.observable.Realm.runWithDefault(Realm.java:338)
2023-10-04 22:50:21,702 [ERROR] LogOutputStream:75 - [STDERR_REDIRECT] 	at org.eclipse.e4.ui.internal.workbench.swt.PartRenderingEngine.run(PartRenderingEngine.java:1046)
2023-10-04 22:50:21,703 [ERROR] LogOutputStream:75 - [STDERR_REDIRECT] 	at org.eclipse.e4.ui.internal.workbench.E4Workbench.createAndRunUI(E4Workbench.java:155)
2023-10-04 22:50:21,703 [ERROR] LogOutputStream:75 - [STDERR_REDIRECT] 	at org.eclipse.ui.internal.Workbench.lambda$3(Workbench.java:644)
2023-10-04 22:50:21,703 [ERROR] LogOutputStream:75 - [STDERR_REDIRECT] 	at org.eclipse.core.databinding.observable.Realm.runWithDefault(Realm.java:338)
2023-10-04 22:50:21,703 [ERROR] LogOutputStream:75 - [STDERR_REDIRECT] 	at org.eclipse.ui.internal.Workbench.createAndRunWorkbench(Workbench.java:551)
2023-10-04 22:50:21,704 [ERROR] LogOutputStream:75 - [STDERR_REDIRECT] 	at org.eclipse.ui.PlatformUI.createAndRunWorkbench(PlatformUI.java:156)
2023-10-04 22:50:21,704 [ERROR] LogOutputStream:75 - [STDERR_REDIRECT] 	at org.eclipse.ui.internal.ide.application.IDEApplication.start(IDEApplication.java:152)
2023-10-04 22:50:21,704 [ERROR] LogOutputStream:75 - [STDERR_REDIRECT] 	at org.eclipse.equinox.internal.app.EclipseAppHandle.run(EclipseAppHandle.java:203)
2023-10-04 22:50:21,705 [ERROR] LogOutputStream:75 - [STDERR_REDIRECT] 	at org.eclipse.core.runtime.internal.adaptor.EclipseAppLauncher.runApplication(EclipseAppLauncher.java:136)
2023-10-04 22:50:21,705 [ERROR] LogOutputStream:75 - [STDERR_REDIRECT] 	at org.eclipse.core.runtime.internal.adaptor.EclipseAppLauncher.start(EclipseAppLauncher.java:104)
2023-10-04 22:50:21,705 [ERROR] LogOutputStream:75 - [STDERR_REDIRECT] 	at org.eclipse.core.runtime.adaptor.EclipseStarter.run(EclipseStarter.java:401)
2023-10-04 22:50:21,705 [ERROR] LogOutputStream:75 - [STDERR_REDIRECT] 	at org.eclipse.core.runtime.adaptor.EclipseStarter.run(EclipseStarter.java:255)
2023-10-04 22:50:21,705 [ERROR] LogOutputStream:75 - [STDERR_REDIRECT] 	at java.base/jdk.internal.reflect.NativeMethodAccessorImpl.invoke0(Native Method)
2023-10-04 22:50:21,706 [ERROR] LogOutputStream:75 - [STDERR_REDIRECT] 	at java.base/jdk.internal.reflect.NativeMethodAccessorImpl.invoke(NativeMethodAccessorImpl.java:62)
2023-10-04 22:50:21,706 [ERROR] LogOutputStream:75 - [STDERR_REDIRECT] 	at java.base/jdk.internal.reflect.DelegatingMethodAccessorImpl.invoke(DelegatingMethodAccessorImpl.java:43)
2023-10-04 22:50:21,706 [ERROR] LogOutputStream:75 - [STDERR_REDIRECT] 	at java.base/java.lang.reflect.Method.invoke(Method.java:566)
2023-10-04 22:50:21,706 [ERROR] LogOutputStream:75 - [STDERR_REDIRECT] 	at org.eclipse.equinox.launcher.Main.invokeFramework(Main.java:659)
2023-10-04 22:50:21,707 [ERROR] LogOutputStream:75 - [STDERR_REDIRECT] 	at org.eclipse.equinox.launcher.Main.basicRun(Main.java:596)
2023-10-04 22:50:21,707 [ERROR] LogOutputStream:75 - [STDERR_REDIRECT] 	at org.eclipse.equinox.launcher.Main.run(Main.java:1467)
2023-10-04 22:50:21,707 [ERROR] LogOutputStream:75 - [STDERR_REDIRECT] 	at org.eclipse.equinox.launcher.Main.main(Main.java:1440)
2023-10-04 22:50:22,956 [WARN] PackLoader:240 - Cannot read IP mode file for STMicroelectronics.X-CUBE-SMBUS.2.1.0
2023-10-04 22:50:22,986 [WARN] PackLoader:240 - Cannot read IP mode file for STMicroelectronics.X-CUBE-AZRTOS-F7.1.1.0
2023-10-04 22:50:22,999 [WARN] PackLoader:240 - Cannot read IP mode file for STMicroelectronics.FP-SNS-MOTENV1.4.3.2
2023-10-04 22:50:23,007 [ERROR] RealEvaluatedCondition:428 - Found unsupported composite condition: CLASS='Data Exchange' GROUP='STM32_MetaDataManager'
2023-10-04 22:50:23,007 [ERROR] RealEvaluatedCondition:428 - Found unsupported composite condition: CLASS='Data Exchange' GROUP='STM32_MetaDataManager'
2023-10-04 22:50:23,010 [WARN] PackLoader:240 - Cannot read IP mode file for STMicroelectronics.FP-SNS-MOTENV1.4.3.1
2023-10-04 22:50:23,018 [WARN] PackLoader:240 - Cannot read IP mode file for STMicroelectronics.FP-SNS-FLIGHT1.5.0.1
2023-10-04 22:50:23,026 [WARN] PackLoader:240 - Cannot read IP mode file for STMicroelectronics.X-CUBE-BLE1.6.2.4
2023-10-04 22:50:23,031 [WARN] PackLoader:240 - Cannot read IP mode file for STMicroelectronics.FP-SNS-FLIGHT1.5.0.2
2023-10-04 22:50:23,042 [WARN] PackLoader:240 - Cannot read IP mode file for STMicroelectronics.X-CUBE-DISPLAY.3.0.0
2023-10-04 22:50:23,061 [WARN] PackLoader:240 - Cannot read IP mode file for STMicroelectronics.X-CUBE-BLE1.7.0.0
2023-10-04 22:50:23,065 [WARN] PackLoader:240 - Cannot read IP mode file for STMicroelectronics.X-CUBE-TOUCHGFX.4.22.0
2023-10-04 22:50:23,067 [WARN] PackLoader:240 - Cannot read IP mode file for STMicroelectronics.X-CUBE-TOUCHGFX.4.22.1
2023-10-04 22:50:23,072 [WARN] PackLoader:240 - Cannot read IP mode file for STMicroelectronics.FP-SNS-SMARTAG2.1.2.0
2023-10-04 22:50:23,086 [INFO] LogOutputStream:77 - [STDOUT_REDIRECT] 1 : Invalid condition id : UX_CORESTACK_Condition cause : null
2023-10-04 22:50:23,086 [INFO] LogOutputStream:77 - [STDOUT_REDIRECT] 1 : Invalid condition id : UX_CORESTACK_Condition cause : null
2023-10-04 22:50:23,086 [INFO] LogOutputStream:77 - [STDOUT_REDIRECT] 1 : Invalid condition id : UX_CORESTACK_Condition cause : null
2023-10-04 22:50:23,086 [INFO] LogOutputStream:77 - [STDOUT_REDIRECT] 1 : Invalid condition id : UX_CORESTACK_Condition cause : null
2023-10-04 22:50:23,086 [INFO] LogOutputStream:77 - [STDOUT_REDIRECT] 1 : Invalid condition id : UX_CORESTACK_Condition cause : null
2023-10-04 22:50:23,096 [WARN] PackLoader:240 - Cannot read IP mode file for STMicroelectronics.X-CUBE-AZRTOS-WL.2.0.0
2023-10-04 22:50:23,107 [WARN] PackLoader:240 - Cannot read IP mode file for WES.I-CUBE-Cesium.1.3.0
2023-10-04 22:50:23,112 [WARN] PackLoader:240 - Cannot read IP mode file for STMicroelectronics.X-CUBE-BLE2.3.3.0
2023-10-04 22:50:23,116 [WARN] PackLoader:240 - Cannot read IP mode file for STMicroelectronics.X-CUBE-TOUCHGFX.4.21.4
2023-10-04 22:50:23,123 [WARN] PackLoader:240 - Cannot read IP mode file for STMicroelectronics.X-CUBE-ALGOBUILD.1.3.0
2023-10-04 22:50:23,146 [WARN] PackLoader:240 - Cannot read IP mode file for STMicroelectronics.X-CUBE-AZRTOS-G0.1.1.0
2023-10-04 22:50:23,157 [WARN] PackLoader:240 - Cannot read IP mode file for STMicroelectronics.X-CUBE-NFC4.3.0.0
2023-10-04 22:50:23,162 [WARN] PackLoader:240 - Cannot read IP mode file for STMicroelectronics.FP-ATR-SIGFOX1.3.2.0
2023-10-04 22:50:23,216 [WARN] PackLoader:240 - Cannot read IP mode file for SEGGER.I-CUBE-embOS.1.3.1
2023-10-04 22:50:23,286 [WARN] PackLoader:240 - Cannot read IP mode file for STMicroelectronics.X-CUBE-GNSS1.6.0.0
2023-10-04 22:50:23,303 [WARN] PackLoader:240 - Cannot read IP mode file for STMicroelectronics.X-CUBE-AZRTOS-F4.1.1.0
2023-10-04 22:50:23,309 [WARN] PackLoader:240 - Cannot read IP mode file for wolfSSL.I-CUBE-wolfSSL.5.6.0
2023-10-04 22:50:23,324 [WARN] PackLoader:240 - Cannot read IP mode file for STMicroelectronics.X-CUBE-AZRTOS-L5.2.0.0
2023-10-04 22:50:23,378 [WARN] PackLoader:240 - Cannot read IP mode file for STMicroelectronics.X-CUBE-MEMS1.9.6.0
2023-10-04 22:50:23,606 [WARN] PackLoader:240 - Cannot read IP mode file for ITTIA_DB.I-CUBE-ITTIADB.8.8.0
2023-10-04 22:50:23,611 [WARN] PackLoader:240 - Cannot read IP mode file for emotas.I-CUBE-CANOPEN.1.1.3
2023-10-04 22:50:23,617 [WARN] PackLoader:240 - Cannot read IP mode file for STMicroelectronics.X-CUBE-BLEMGR.2.0.0
2023-10-04 22:50:23,632 [WARN] ConditionMgr:438 - getConditionDescription Invalid condition id : UX DEVICE CLASS RTOS Condition cause : null
2023-10-04 22:50:23,633 [WARN] ConditionMgr:438 - getConditionDescription Invalid condition id : UX DEVICE CLASS RTOS Condition cause : null
2023-10-04 22:50:23,635 [WARN] PackLoader:240 - Cannot read IP mode file for STMicroelectronics.X-CUBE-AZRTOS-H7.3.1.0
2023-10-04 22:50:23,637 [WARN] ConditionMgr:1039 - genDependencies : Invalid condition id : UX DEVICE CLASS RTOS Condition cause : null
2023-10-04 22:50:23,637 [WARN] ConditionMgr:1039 - genDependencies : Invalid condition id : UX DEVICE CLASS RTOS Condition cause : null
2023-10-04 22:50:23,638 [WARN] ConditionMgr:1039 - genDependencies : Invalid condition id : UX DEVICE CLASS RTOS Condition cause : null
2023-10-04 22:50:23,638 [WARN] ConditionMgr:1039 - genDependencies : Invalid condition id : UX DEVICE CLASS RTOS Condition cause : null
2023-10-04 22:50:23,638 [WARN] ConditionMgr:1039 - genDependencies : Invalid condition id : UX DEVICE CLASS RTOS Condition cause : null
2023-10-04 22:50:23,644 [WARN] PackLoader:240 - Cannot read IP mode file for STMicroelectronics.X-CUBE-NFC7.1.0.1
2023-10-04 22:50:23,649 [WARN] PackLoader:240 - Cannot read IP mode file for STMicroelectronics.X-CUBE-NFC7.1.0.0
2023-10-04 22:50:23,656 [WARN] PackLoader:240 - Cannot read IP mode file for STMicroelectronics.X-CUBE-NFC6.3.0.0
2023-10-04 22:50:23,663 [WARN] PackLoader:240 - Cannot read IP mode file for STMicroelectronics.X-CUBE-EEPRMA1.4.1.0
2023-10-04 22:50:23,667 [WARN] PackLoader:240 - Cannot read IP mode file for STMicroelectronics.X-CUBE-AI.8.1.0
2023-10-04 22:50:23,683 [WARN] ConditionMgr:438 - getConditionDescription Invalid condition id : LAN8742 Phy interface Condition cause : null
2023-10-04 22:50:23,684 [WARN] PackLoader:240 - Cannot read IP mode file for STMicroelectronics.X-CUBE-AZRTOS-L4.2.0.0
2023-10-04 22:50:23,685 [WARN] ConditionMgr:1039 - genDependencies : Invalid condition id : LAN8742 Phy interface Condition cause : null
2023-10-04 22:50:23,686 [WARN] ConditionMgr:1039 - genDependencies : Invalid condition id : LAN8742 Phy interface Condition cause : null
2023-10-04 22:50:23,686 [WARN] ConditionMgr:1039 - genDependencies : Invalid condition id : LAN8742 Phy interface Condition cause : null
2023-10-04 22:50:23,693 [WARN] PackLoader:240 - Cannot read IP mode file for STMicroelectronics.X-CUBE-SFXS2LP1.4.0.0
2023-10-04 22:50:23,697 [WARN] PackLoader:240 - Cannot read IP mode file for STMicroelectronics.X-CUBE-ISPU.1.1.0
2023-10-04 22:50:23,708 [WARN] ConditionMgr:438 - getConditionDescription Invalid condition id : UX DEVICE CLASS RTOS Condition cause : null
2023-10-04 22:50:23,709 [WARN] ConditionMgr:438 - getConditionDescription Invalid condition id : UX DEVICE CLASS RTOS Condition cause : null
2023-10-04 22:50:23,711 [WARN] PackLoader:240 - Cannot read IP mode file for STMicroelectronics.X-CUBE-AZRTOS-WB.2.0.0
2023-10-04 22:50:23,711 [WARN] ConditionMgr:1039 - genDependencies : Invalid condition id : UX DEVICE CLASS RTOS Condition cause : null
2023-10-04 22:50:23,711 [WARN] ConditionMgr:1039 - genDependencies : Invalid condition id : UX DEVICE CLASS RTOS Condition cause : null
2023-10-04 22:50:23,712 [WARN] ConditionMgr:1039 - genDependencies : Invalid condition id : UX DEVICE CLASS RTOS Condition cause : null
2023-10-04 22:50:23,712 [WARN] ConditionMgr:1039 - genDependencies : Invalid condition id : UX DEVICE CLASS RTOS Condition cause : null
2023-10-04 22:50:23,713 [WARN] ConditionMgr:1039 - genDependencies : Invalid condition id : UX DEVICE CLASS RTOS Condition cause : null
2023-10-04 22:50:23,716 [WARN] PackLoader:240 - Cannot read IP mode file for STMicroelectronics.X-CUBE-FREERTOS.1.0.1
2023-10-04 22:50:23,729 [WARN] PackLoader:240 - Cannot read IP mode file for STMicroelectronics.X-CUBE-AZRTOS-L5.1.1.0
2023-10-04 22:50:23,735 [WARN] PackLoader:240 - Cannot read IP mode file for STMicroelectronics.X-CUBE-AI.8.0.1
2023-10-04 22:50:23,745 [WARN] PackLoader:240 - Cannot read IP mode file for STMicroelectronics.X-CUBE-SUBG2.5.0.0
2023-10-04 22:50:23,766 [WARN] PackLoader:240 - Cannot read IP mode file for STMicroelectronics.X-CUBE-TOF1.3.3.1
2023-10-04 22:50:23,803 [WARN] PackLoader:240 - Cannot read IP mode file for STMicroelectronics.X-CUBE-AZRTOS-G4.2.0.0
2023-10-04 22:50:23,828 [WARN] PackLoader:240 - Cannot read IP mode file for STMicroelectronics.X-CUBE-TOF1.3.3.0
2023-10-04 22:50:23,855 [WARN] PackLoader:240 - Cannot read IP mode file for STMicroelectronics.X-CUBE-FREERTOS.1.1.0
2023-10-04 22:50:23,860 [WARN] PackLoader:240 - Cannot read IP mode file for portGmbH.I-Cube-SoM-uGOAL.1.1.0
2023-10-04 22:50:23,864 [WARN] PackLoader:240 - Cannot read IP mode file for STMicroelectronics.X-CUBE-ALS.1.0.1
2023-10-04 22:50:23,893 [WARN] PackLoader:240 - Cannot read IP mode file for STMicroelectronics.X-CUBE-AZRTOS-WB.1.1.0
2023-10-04 22:50:23,899 [WARN] PackLoader:240 - Cannot read IP mode file for STMicroelectronics.FP-ATR-ASTRA1.2.0.0
2023-10-04 22:50:23,900 [INFO] ThirdParty:978 - Integrity check success = true
2023-10-04 22:50:23,900 [INFO] IntegrityCheckThread:100 - exiting critical section [integrity check]
2023-10-04 22:50:23,900 [INFO] IntegrityCheckThread:103 - End integrity checks thread
2023-10-04 22:50:24,056 [INFO] ApiDb:240 - Found 297 in-development CPN: [B-G473E-ZEST1S, B-WB1M-WPAN1, B-WL5M-SUBG1, NUCLEO-C031C6, NUCLEO-H503RB, NUCLEO-H563ZI, NUCLEO-U545RE-Q, NUCLEO-U5A5ZJ-Q, NUCLEO-WBA52CG, STEVAL-PROTEUS1, STEVAL-STWINBX1, STM320518-EVAL, STM32C0116-DK, STM32C011D6Y3TR, STM32C011D6Y6TR, STM32C011F4P3, STM32C011F4P6, STM32C011F4U3, STM32C011F4U6TR, STM32C011F6P3, STM32C011F6P6, STM32C011F6U3, STM32C011F6U6TR, STM32C011J4M3, STM32C011J4M6, STM32C011J6M3, STM32C011J6M6, STM32C0316-DK, STM32C031C4T3, STM32C031C4T6, STM32C031C4U3, STM32C031C4U6, STM32C031C6T3, STM32C031C6T6, STM32C031C6U3, STM32C031C6U6, STM32C031F4P3, STM32C031F4P6, STM32C031F6P3, STM32C031F6P6, STM32C031G4U3, STM32C031G4U6, STM32C031G6U3, STM32C031G6U6, STM32C031K4T3, STM32C031K4T6, STM32C031K4U3, STM32C031K4U6, STM32C031K6T3, STM32C031K6T6, STM32C031K6U3, STM32C031K6U6, STM32G071K8TXN, STM32G071K8UXN, STM32G081GBU6N, STM32G081KBT6N, STM32G081KBUXN, STM32G0B1CCT6N, STM32G0B1KCT6, STM32G0B1NEY6TR, STM32G0B1RCT6N, STM32G0C1CCT6, STM32G0C1CCT6N, STM32G0C1CCU6N, STM32G0C1CET6N, STM32G0C1CEU6N, STM32G0C1KCT6, STM32G0C1NEY6TR, STM32G0C1RCI6N, STM32G0C1RCT6N, STM32G0C1REI6N, STM32G0C1RET6N, STM32G0C1VCI6, STM32G0C1VEI6, STM32G471CCT6, STM32G471CCU6, STM32G471CET3, STM32G471CET6, STM32G471CEU3, STM32G471CEU6, STM32G471MCT6, STM32G471MET3, STM32G471MET6, STM32G471MEY6TR, STM32G471QCT6, STM32G471QET3, STM32G471RCT6, STM32G471RET3, STM32G471RET6, STM32G471VCH6, STM32G471VCI6, STM32G471VCT6, STM32G471VEH3, STM32G471VEH6, STM32G471VEI3, STM32G471VEI6, STM32G471VET3, STM32G471VET6, STM32G474CCT6, STM32H503CBT6, STM32H503CBU6, STM32H503EBY6TR, STM32H503KBU6, STM32H503RBT6, STM32H562AGI6, STM32H562AII6, STM32H562IGK6, STM32H562IGT6, STM32H562IIK6, STM32H562IIT6, STM32H562RGT6, STM32H562RGV6, STM32H562RIT6, STM32H562RIV6, STM32H562VGT6, STM32H562VIT6, STM32H562ZGT6, STM32H562ZIT6, STM32H563AGI6, STM32H563AII3Q, STM32H563AII6, STM32H563IGK6, STM32H563IGT6, STM32H563IIK3Q, STM32H563IIK6, STM32H563IIT3Q, STM32H563IIT6, STM32H563MIY3QTR, STM32H563RGT6, STM32H563RGV6, STM32H563RIT6, STM32H563RIV6, STM32H563VGT6, STM32H563VIT3Q, STM32H563VIT6, STM32H563ZGT6, STM32H563ZIT3Q, STM32H563ZIT6, STM32H573AII3Q, STM32H573AII6, STM32H573I-DK, STM32H573IIK3Q, STM32H573IIK6, STM32H573IIT3Q, STM32H573IIT6, STM32H573MIY3QTR, STM32H573RIT6, STM32H573RIV6, STM32H573VIT3Q, STM32H573VIT6, STM32H573ZIT3Q, STM32H573ZIT6, STM32L4R5QGI6STR, STM32MP131AAE3, STM32MP131AAF3, STM32MP131AAG3, STM32MP131CAE3, STM32MP131CAF3, STM32MP131CAG3, STM32MP131DAE7, STM32MP131DAF7, STM32MP131DAG7, STM32MP131FAE7, STM32MP131FAF7, STM32MP131FAG7, STM32MP133AAE3, STM32MP133AAF3, STM32MP133AAG3, STM32MP133CAE3, STM32MP133CAF3, STM32MP133CAG3, STM32MP133DAE7, STM32MP133DAF7, STM32MP133DAG7, STM32MP133FAE7, STM32MP133FAF7, STM32MP133FAG7, STM32MP135AAE3, STM32MP135AAF3, STM32MP135AAG3, STM32MP135CAE3, STM32MP135CAF3, STM32MP135CAG3, STM32MP135DAE7, STM32MP135DAF7, STM32MP135DAG7, STM32MP135F-DK, STM32MP135FAE7, STM32MP135FAF7, STM32MP135FAF7T, STM32MP135FAF7U, STM32MP135FAG7, STM32U535CBT6, STM32U535CBT6Q, STM32U535CBU6, STM32U535CBU6Q, STM32U535CCT6, STM32U535CCT6Q, STM32U535CCU6, STM32U535CCU6Q, STM32U535CET6, STM32U535CET6Q, STM32U535CEU6, STM32U535CEU6Q, STM32U535JEY6QTR, STM32U535NCY6QTR, STM32U535NEY6QTR, STM32U535RBI6, STM32U535RBI6Q, STM32U535RBT6, STM32U535RBT6Q, STM32U535RCI6, STM32U535RCI6Q, STM32U535RCT6, STM32U535RCT6Q, STM32U535REI6, STM32U535REI6Q, STM32U535RET6, STM32U535RET6Q, STM32U535VCI6, STM32U535VCI6Q, STM32U535VCT6, STM32U535VCT6Q, STM32U535VEI6, STM32U535VEI6Q, STM32U535VET6, STM32U535VET6Q, STM32U545CET6, STM32U545CET6Q, STM32U545CEU6, STM32U545CEU6Q, STM32U545JEY6QTR, STM32U545NEY6QTR, STM32U545REI6, STM32U545REI6Q, STM32U545RET6, STM32U545RET6Q, STM32U545VEI6, STM32U545VEI6Q, STM32U545VET6, STM32U545VET6Q, STM32U595AIH6, STM32U595AIH6Q, STM32U595AJH6, STM32U595AJH6Q, STM32U595QII6, STM32U595QII6Q, STM32U595QJI6, STM32U595QJI6Q, STM32U595RIT6, STM32U595RIT6Q, STM32U595RJT6, STM32U595RJT6Q, STM32U595VIT6, STM32U595VIT6Q, STM32U595VJT6, STM32U595VJT6Q, STM32U595ZIT6, STM32U595ZIT6Q, STM32U595ZIY6QTR, STM32U595ZJT6, STM32U595ZJT6Q, STM32U595ZJY6QTR, STM32U599BJY6QTR, STM32U599NIH6Q, STM32U599NJH6Q, STM32U599VIT6Q, STM32U599VJT6, STM32U599VJT6Q, STM32U599ZIT6Q, STM32U599ZIY6QTR, STM32U599ZJT6Q, STM32U599ZJY6QTR, STM32U5A5AJH6, STM32U5A5AJH6Q, STM32U5A5QJI6, STM32U5A5QJI6Q, STM32U5A5RJT6, STM32U5A5RJT6Q, STM32U5A5VJT6, STM32U5A5VJT6Q, STM32U5A5ZJT6, STM32U5A5ZJT6Q, STM32U5A5ZJY6QTR, STM32U5A9BJY6QTR, STM32U5A9J-DK, STM32U5A9NJH6Q, STM32U5A9VJT6Q, STM32U5A9ZJT6Q, STM32U5A9ZJY6QTR, STM32WB1MMCH6, STM32WBA52CEU6, STM32WBA52CEU6T, STM32WBA52CGU6, STM32WBA52CGU6T, STM32WL5MOCH6, STM32WL5MOCH6TR]
2023-10-04 22:50:24,060 [INFO] DbMcus:216 - Found 3825 MCUs, 3825 are supported
2023-10-04 22:50:24,063 [INFO] ApiDb:423 - Load user favorites file /home/parth/.stm32cubeide/favorites.mcus.txt: 0 item(s)
2023-10-04 22:50:24,064 [INFO] ApiDb:427 - User favorites MCUs=[]
2023-10-04 22:50:24,064 [INFO] DbMcus:222 - Set 0 / 0 favorites MCUs
2023-10-04 22:50:24,502 [INFO] ApiDb:668 - CubeFinder database Data Model version=2.1
2023-10-04 22:50:24,502 [INFO] ApiDb:669 - CubeFinder database Configuration version=3.0.37
2023-10-04 22:50:24,502 [INFO] ApiDb:670 - CubeFinder database generation date=2023-08-09 (1691586011)
2023-10-04 22:50:24,502 [INFO] ApiDb:671 - CubeFinder database FW Pack versions=[FP-ATR-ASTRA1_V2.0.0, FP-SNS-FLIGHT1_V5.0.1, FP-SNS-FLIGHT1_V5.0.2, FP-SNS-MOTENV1_V4.3.1, FP-SNS-MOTENV1_V4.3.2, STM32Cube_FW_C0_V1.1.0, STM32Cube_FW_F4_V1.27.1, STM32Cube_FW_F7_V1.17.0, STM32Cube_FW_G0_V1.6.1, STM32Cube_FW_G4_V1.5.1, STM32Cube_FW_H5_V0.5.1, STM32Cube_FW_H5_V1.1.0, STM32Cube_FW_H7_V1.11.0, STM32Cube_FW_L0_V1.12.2, STM32Cube_FW_L5_V1.5.0, STM32Cube_FW_U5_V1.3.0, STM32Cube_FW_U5_V1.3.0RC4, STM32Cube_FW_WBA_V1.0.0RC1, STM32Cube_FW_WBA_V1.1.0, STM32Cube_FW_WBA_V1.1.0RC1, STM32Cube_FW_WB_V1.15.0RC1, STM32Cube_FW_WB_V1.16.0, STM32Cube_FW_WB_V1.16.0RC2, STM32Cube_FW_WB_V1.17.0, STM32Cube_FW_WL_V1.3.0, X-CUBE-ALGOBUILD_V1.3.0, X-CUBE-ALS_V1.0.1, X-CUBE-AZRTOS-F4_V1.1.0, X-CUBE-AZRTOS-F7_V1.1.0, X-CUBE-AZRTOS-G0_V1.1.0, X-CUBE-AZRTOS-G4_V2.0.0, X-CUBE-AZRTOS-H7_V3.1.0, X-CUBE-AZRTOS-L4_V1.0.0, X-CUBE-AZRTOS-L4_V2.0.0, X-CUBE-AZRTOS-L5_V1.1.0, X-CUBE-AZRTOS-WB_V1.1.0, X-CUBE-AZRTOS-WL_V2.0.0, X-CUBE-BLE1_V7.0.0, X-CUBE-BLE2_V3.3.0, X-CUBE-BLEMGR_V2.0.0, X-CUBE-EEPRMA1_V4.1.0, X-CUBE-FREERTOS_V1.1.0, X-CUBE-GNSS1_V6.0.0, X-CUBE-MEMS1_V9.1.0, X-CUBE-MEMS1_V9.4.0, X-CUBE-MEMS1_V9.6.0, X-CUBE-NFC4_V3.0.0, X-CUBE-NFC7_V1.0.0, X-CUBE-SFXS2LP1_V4.0.0, X-CUBE-SUBG2_V5.0.0, X-CUBE-TOF1_V3.3.1]
2023-10-04 22:50:24,560 [INFO] DbBoardsSqlite:226 - include board P-NUCLEO-WB55-NUCLEO as a kit item of type 'Nucleo-64'
2023-10-04 22:50:24,560 [INFO] DbBoardsSqlite:226 - include board P-NUCLEO-WB55-USBDONGLE as a kit item of type 'Nucleo USB Dongle'
2023-10-04 22:50:24,560 [INFO] DbBoardsSqlite:226 - include board STEVAL-IDP005V1 as a kit item of type 'Evaluation Board'
2023-10-04 22:50:24,561 [INFO] DbBoardsSqlite:226 - include board STEVAL-IDP005V2 as a kit item of type 'Evaluation Board'
2023-10-04 22:50:24,591 [INFO] ApiDb:240 - Found 297 in-development CPN: [B-G473E-ZEST1S, B-WB1M-WPAN1, B-WL5M-SUBG1, NUCLEO-C031C6, NUCLEO-H503RB, NUCLEO-H563ZI, NUCLEO-U545RE-Q, NUCLEO-U5A5ZJ-Q, NUCLEO-WBA52CG, STEVAL-PROTEUS1, STEVAL-STWINBX1, STM320518-EVAL, STM32C0116-DK, STM32C011D6Y3TR, STM32C011D6Y6TR, STM32C011F4P3, STM32C011F4P6, STM32C011F4U3, STM32C011F4U6TR, STM32C011F6P3, STM32C011F6P6, STM32C011F6U3, STM32C011F6U6TR, STM32C011J4M3, STM32C011J4M6, STM32C011J6M3, STM32C011J6M6, STM32C0316-DK, STM32C031C4T3, STM32C031C4T6, STM32C031C4U3, STM32C031C4U6, STM32C031C6T3, STM32C031C6T6, STM32C031C6U3, STM32C031C6U6, STM32C031F4P3, STM32C031F4P6, STM32C031F6P3, STM32C031F6P6, STM32C031G4U3, STM32C031G4U6, STM32C031G6U3, STM32C031G6U6, STM32C031K4T3, STM32C031K4T6, STM32C031K4U3, STM32C031K4U6, STM32C031K6T3, STM32C031K6T6, STM32C031K6U3, STM32C031K6U6, STM32G071K8TXN, STM32G071K8UXN, STM32G081GBU6N, STM32G081KBT6N, STM32G081KBUXN, STM32G0B1CCT6N, STM32G0B1KCT6, STM32G0B1NEY6TR, STM32G0B1RCT6N, STM32G0C1CCT6, STM32G0C1CCT6N, STM32G0C1CCU6N, STM32G0C1CET6N, STM32G0C1CEU6N, STM32G0C1KCT6, STM32G0C1NEY6TR, STM32G0C1RCI6N, STM32G0C1RCT6N, STM32G0C1REI6N, STM32G0C1RET6N, STM32G0C1VCI6, STM32G0C1VEI6, STM32G471CCT6, STM32G471CCU6, STM32G471CET3, STM32G471CET6, STM32G471CEU3, STM32G471CEU6, STM32G471MCT6, STM32G471MET3, STM32G471MET6, STM32G471MEY6TR, STM32G471QCT6, STM32G471QET3, STM32G471RCT6, STM32G471RET3, STM32G471RET6, STM32G471VCH6, STM32G471VCI6, STM32G471VCT6, STM32G471VEH3, STM32G471VEH6, STM32G471VEI3, STM32G471VEI6, STM32G471VET3, STM32G471VET6, STM32G474CCT6, STM32H503CBT6, STM32H503CBU6, STM32H503EBY6TR, STM32H503KBU6, STM32H503RBT6, STM32H562AGI6, STM32H562AII6, STM32H562IGK6, STM32H562IGT6, STM32H562IIK6, STM32H562IIT6, STM32H562RGT6, STM32H562RGV6, STM32H562RIT6, STM32H562RIV6, STM32H562VGT6, STM32H562VIT6, STM32H562ZGT6, STM32H562ZIT6, STM32H563AGI6, STM32H563AII3Q, STM32H563AII6, STM32H563IGK6, STM32H563IGT6, STM32H563IIK3Q, STM32H563IIK6, STM32H563IIT3Q, STM32H563IIT6, STM32H563MIY3QTR, STM32H563RGT6, STM32H563RGV6, STM32H563RIT6, STM32H563RIV6, STM32H563VGT6, STM32H563VIT3Q, STM32H563VIT6, STM32H563ZGT6, STM32H563ZIT3Q, STM32H563ZIT6, STM32H573AII3Q, STM32H573AII6, STM32H573I-DK, STM32H573IIK3Q, STM32H573IIK6, STM32H573IIT3Q, STM32H573IIT6, STM32H573MIY3QTR, STM32H573RIT6, STM32H573RIV6, STM32H573VIT3Q, STM32H573VIT6, STM32H573ZIT3Q, STM32H573ZIT6, STM32L4R5QGI6STR, STM32MP131AAE3, STM32MP131AAF3, STM32MP131AAG3, STM32MP131CAE3, STM32MP131CAF3, STM32MP131CAG3, STM32MP131DAE7, STM32MP131DAF7, STM32MP131DAG7, STM32MP131FAE7, STM32MP131FAF7, STM32MP131FAG7, STM32MP133AAE3, STM32MP133AAF3, STM32MP133AAG3, STM32MP133CAE3, STM32MP133CAF3, STM32MP133CAG3, STM32MP133DAE7, STM32MP133DAF7, STM32MP133DAG7, STM32MP133FAE7, STM32MP133FAF7, STM32MP133FAG7, STM32MP135AAE3, STM32MP135AAF3, STM32MP135AAG3, STM32MP135CAE3, STM32MP135CAF3, STM32MP135CAG3, STM32MP135DAE7, STM32MP135DAF7, STM32MP135DAG7, STM32MP135F-DK, STM32MP135FAE7, STM32MP135FAF7, STM32MP135FAF7T, STM32MP135FAF7U, STM32MP135FAG7, STM32U535CBT6, STM32U535CBT6Q, STM32U535CBU6, STM32U535CBU6Q, STM32U535CCT6, STM32U535CCT6Q, STM32U535CCU6, STM32U535CCU6Q, STM32U535CET6, STM32U535CET6Q, STM32U535CEU6, STM32U535CEU6Q, STM32U535JEY6QTR, STM32U535NCY6QTR, STM32U535NEY6QTR, STM32U535RBI6, STM32U535RBI6Q, STM32U535RBT6, STM32U535RBT6Q, STM32U535RCI6, STM32U535RCI6Q, STM32U535RCT6, STM32U535RCT6Q, STM32U535REI6, STM32U535REI6Q, STM32U535RET6, STM32U535RET6Q, STM32U535VCI6, STM32U535VCI6Q, STM32U535VCT6, STM32U535VCT6Q, STM32U535VEI6, STM32U535VEI6Q, STM32U535VET6, STM32U535VET6Q, STM32U545CET6, STM32U545CET6Q, STM32U545CEU6, STM32U545CEU6Q, STM32U545JEY6QTR, STM32U545NEY6QTR, STM32U545REI6, STM32U545REI6Q, STM32U545RET6, STM32U545RET6Q, STM32U545VEI6, STM32U545VEI6Q, STM32U545VET6, STM32U545VET6Q, STM32U595AIH6, STM32U595AIH6Q, STM32U595AJH6, STM32U595AJH6Q, STM32U595QII6, STM32U595QII6Q, STM32U595QJI6, STM32U595QJI6Q, STM32U595RIT6, STM32U595RIT6Q, STM32U595RJT6, STM32U595RJT6Q, STM32U595VIT6, STM32U595VIT6Q, STM32U595VJT6, STM32U595VJT6Q, STM32U595ZIT6, STM32U595ZIT6Q, STM32U595ZIY6QTR, STM32U595ZJT6, STM32U595ZJT6Q, STM32U595ZJY6QTR, STM32U599BJY6QTR, STM32U599NIH6Q, STM32U599NJH6Q, STM32U599VIT6Q, STM32U599VJT6, STM32U599VJT6Q, STM32U599ZIT6Q, STM32U599ZIY6QTR, STM32U599ZJT6Q, STM32U599ZJY6QTR, STM32U5A5AJH6, STM32U5A5AJH6Q, STM32U5A5QJI6, STM32U5A5QJI6Q, STM32U5A5RJT6, STM32U5A5RJT6Q, STM32U5A5VJT6, STM32U5A5VJT6Q, STM32U5A5ZJT6, STM32U5A5ZJT6Q, STM32U5A5ZJY6QTR, STM32U5A9BJY6QTR, STM32U5A9J-DK, STM32U5A9NJH6Q, STM32U5A9VJT6Q, STM32U5A9ZJT6Q, STM32U5A9ZJY6QTR, STM32WB1MMCH6, STM32WBA52CEU6, STM32WBA52CEU6T, STM32WBA52CGU6, STM32WBA52CGU6T, STM32WL5MOCH6, STM32WL5MOCH6TR]
2023-10-04 22:50:24,691 [INFO] BoardInfo:880 - No configuration file found for board P-NUCLEO-WB55
2023-10-04 22:50:24,691 [INFO] DbBoards:157 - Kit is not supported: P-NUCLEO-WB55
2023-10-04 22:50:24,696 [INFO] BoardInfo:880 - No configuration file found for board STEVAL-BFA001V1B
2023-10-04 22:50:24,696 [INFO] DbBoards:157 - Kit is not supported: STEVAL-BFA001V1B
2023-10-04 22:50:24,698 [INFO] BoardInfo:880 - No configuration file found for board STEVAL-BFA001V2B
2023-10-04 22:50:24,698 [INFO] DbBoards:157 - Kit is not supported: STEVAL-BFA001V2B
2023-10-04 22:50:24,704 [INFO] BoardInfo:880 - No configuration file found for board STEVAL-SMARTAG2
2023-10-04 22:50:24,704 [INFO] DbBoards:157 - Board is not supported: STEVAL-SMARTAG2
2023-10-04 22:50:24,815 [INFO] DbBoards:161 - Found 188 boards, 184 are supported
2023-10-04 22:50:24,817 [INFO] ApiDb:423 - Load user favorites file /home/parth/.stm32cubeide/favorites.boards.txt: 0 item(s)
2023-10-04 22:50:24,818 [INFO] ApiDb:427 - User favorites Boards=[]
2023-10-04 22:50:24,818 [INFO] DbBoards:190 - Set 0 / 0 favorites Boards
2023-10-04 22:50:24,821 [INFO] ApiDb:668 - CubeFinder database Data Model version=2.1
2023-10-04 22:50:24,821 [INFO] ApiDb:669 - CubeFinder database Configuration version=3.0.37
2023-10-04 22:50:24,821 [INFO] ApiDb:670 - CubeFinder database generation date=2023-08-09 (1691586011)
2023-10-04 22:50:24,821 [INFO] ApiDb:671 - CubeFinder database FW Pack versions=[FP-ATR-ASTRA1_V2.0.0, FP-SNS-FLIGHT1_V5.0.1, FP-SNS-FLIGHT1_V5.0.2, FP-SNS-MOTENV1_V4.3.1, FP-SNS-MOTENV1_V4.3.2, STM32Cube_FW_C0_V1.1.0, STM32Cube_FW_F4_V1.27.1, STM32Cube_FW_F7_V1.17.0, STM32Cube_FW_G0_V1.6.1, STM32Cube_FW_G4_V1.5.1, STM32Cube_FW_H5_V0.5.1, STM32Cube_FW_H5_V1.1.0, STM32Cube_FW_H7_V1.11.0, STM32Cube_FW_L0_V1.12.2, STM32Cube_FW_L5_V1.5.0, STM32Cube_FW_U5_V1.3.0, STM32Cube_FW_U5_V1.3.0RC4, STM32Cube_FW_WBA_V1.0.0RC1, STM32Cube_FW_WBA_V1.1.0, STM32Cube_FW_WBA_V1.1.0RC1, STM32Cube_FW_WB_V1.15.0RC1, STM32Cube_FW_WB_V1.16.0, STM32Cube_FW_WB_V1.16.0RC2, STM32Cube_FW_WB_V1.17.0, STM32Cube_FW_WL_V1.3.0, X-CUBE-ALGOBUILD_V1.3.0, X-CUBE-ALS_V1.0.1, X-CUBE-AZRTOS-F4_V1.1.0, X-CUBE-AZRTOS-F7_V1.1.0, X-CUBE-AZRTOS-G0_V1.1.0, X-CUBE-AZRTOS-G4_V2.0.0, X-CUBE-AZRTOS-H7_V3.1.0, X-CUBE-AZRTOS-L4_V1.0.0, X-CUBE-AZRTOS-L4_V2.0.0, X-CUBE-AZRTOS-L5_V1.1.0, X-CUBE-AZRTOS-WB_V1.1.0, X-CUBE-AZRTOS-WL_V2.0.0, X-CUBE-BLE1_V7.0.0, X-CUBE-BLE2_V3.3.0, X-CUBE-BLEMGR_V2.0.0, X-CUBE-EEPRMA1_V4.1.0, X-CUBE-FREERTOS_V1.1.0, X-CUBE-GNSS1_V6.0.0, X-CUBE-MEMS1_V9.1.0, X-CUBE-MEMS1_V9.4.0, X-CUBE-MEMS1_V9.6.0, X-CUBE-NFC4_V3.0.0, X-CUBE-NFC7_V1.0.0, X-CUBE-SFXS2LP1_V4.0.0, X-CUBE-SUBG2_V5.0.0, X-CUBE-TOF1_V3.3.1]
2023-10-04 22:50:25,723 [INFO] DbExamplesSqlite:376 - Ignored 27 examples not supported by CubeIDE
2023-10-04 22:50:25,723 [INFO] DbExamplesSqlite:377 - Found 7231 examples active
2023-10-04 22:50:25,723 [INFO] DbExamplesSqlite:378 - Found 677 examples obsolete
2023-10-04 22:50:25,723 [INFO] DbExamplesSqlite:379 - Found 0 examples under development
2023-10-04 22:50:25,724 [INFO] DbExamplesSqlite:380 - Found 74 examples not building
2023-10-04 22:50:25,726 [INFO] DbExamples:125 - Found 7278 examples
2023-10-04 22:50:25,758 [ERROR] DbExamples:208 - Found 22 examples with invalid data (board or MCU)
2023-10-04 22:50:25,759 [INFO] DbExamples:222 - Found 91 boards with related examples
2023-10-04 22:50:25,760 [INFO] DbExamples:235 - Found 77 MCUs with related examples
2023-10-04 22:50:25,788 [INFO] ApiDb:414 - User favorites file not found: /home/parth/.stm32cubeide/favorites.examples.txt
2023-10-04 22:50:25,789 [INFO] DbExamples:250 - Set 0 / 0 favorites Examples
2023-10-04 22:50:25,837 [INFO] McuFinderGlobals:66 - Set McuFinderConnectedMode to true
2023-10-04 22:50:25,845 [INFO] MultiScanPanel:200 - Auto-refresh data requested => check proxy status ongoing
2023-10-04 22:50:25,848 [INFO] FinderPluginLoader:95 - Searching for filters in installed packs
2023-10-04 22:50:27,615 [INFO] LoadUrlFilesThread:185 - End of LoadServerUrlFiles without Thread
2023-10-04 22:50:27,627 [INFO] DetailPanel:341 - Set advertising image to /home/parth/STM32Cube/Repository//en.prom-stm32h5-mcu-finder.jpg
2023-10-04 22:50:28,489 [INFO] McuFinderGlobals:66 - Set McuFinderConnectedMode to true
2023-10-04 22:50:28,490 [INFO] MultiScanPanel:200 - Auto-refresh data requested => check proxy status ongoing
2023-10-04 22:50:28,490 [INFO] FinderPluginLoader:95 - Searching for filters in installed packs
2023-10-04 22:50:29,604 [INFO] LoadUrlFilesThread:185 - End of LoadServerUrlFiles without Thread
2023-10-04 22:50:29,604 [INFO] DetailPanel:341 - Set advertising image to /home/parth/STM32Cube/Repository//en.prom-stm32h5-mcu-finder.jpg
2023-10-04 22:50:30,022 [INFO] McuFinderGlobals:66 - Set McuFinderConnectedMode to true
2023-10-04 22:50:30,022 [INFO] MultiScanPanel:200 - Auto-refresh data requested => check proxy status ongoing
2023-10-04 22:50:30,022 [INFO] FinderPluginLoader:95 - Searching for filters in installed packs
2023-10-04 22:50:31,063 [INFO] LoadUrlFilesThread:185 - End of LoadServerUrlFiles without Thread
2023-10-04 22:50:31,063 [INFO] DetailPanel:341 - Set advertising image to /home/parth/STM32Cube/Repository//en.prom-stm32h5-mcu-finder.jpg
2023-10-04 22:50:31,506 [INFO] McuFinderGlobals:66 - Set McuFinderConnectedMode to true
2023-10-04 22:50:31,506 [INFO] MultiScanPanel:200 - Auto-refresh data requested => check proxy status ongoing
2023-10-04 22:50:31,506 [INFO] FinderPluginLoader:95 - Searching for filters in installed packs
2023-10-04 22:50:32,049 [INFO] LoadUrlFilesThread:185 - End of LoadServerUrlFiles without Thread
2023-10-04 22:50:32,049 [INFO] DetailPanel:341 - Set advertising image to /home/parth/STM32Cube/Repository//en.prom-stm32h5-mcu-finder.jpg
2023-10-04 22:50:32,601 [INFO] McuFinderGlobals:66 - Set McuFinderConnectedMode to true
2023-10-04 22:50:32,602 [INFO] MultiScanPanel:200 - Auto-refresh data requested => check proxy status ongoing
2023-10-04 22:50:32,602 [INFO] FinderPluginLoader:95 - Searching for filters in installed packs
2023-10-04 22:50:33,224 [INFO] LoadUrlFilesThread:185 - End of LoadServerUrlFiles without Thread
2023-10-04 22:50:33,224 [INFO] DetailPanel:341 - Set advertising image to /home/parth/STM32Cube/Repository//en.prom-stm32h5-mcu-finder.jpg
