2023-10-06 08:09:55,773 [ERROR] ConfigurationRetriever:142 - IOException on connection: sw-center.st.com
2023-10-06 08:09:55,779 [ERROR] ConfigurationRetriever:142 - IOException on connection: sw-center.st.com
2023-10-06 08:09:55,780 [ERROR] ConfigurationRetriever:142 - IOException on connection: sw-center.st.com
2023-10-06 08:14:57,632 [ERROR] ConfigurationRetriever:142 - IOException on connection: sw-center.st.com
2023-10-06 08:14:57,635 [ERROR] ConfigurationRetriever:142 - IOException on connection: sw-center.st.com
2023-10-06 08:14:57,636 [ERROR] ConfigurationRetriever:142 - IOException on connection: sw-center.st.com
2023-10-06 08:15:26,513 [ERROR] ConfigurationRetriever:142 - IOException on connection: sw-center.st.com
2023-10-06 08:15:26,565 [ERROR] ConfigurationRetriever:142 - IOException on connection: sw-center.st.com
2023-10-06 08:15:26,569 [ERROR] ConfigurationRetriever:142 - IOException on connection: sw-center.st.com
2023-10-06 08:17:11,963 [ERROR] ConfigurationRetriever:142 - IOException on connection: sw-center.st.com
2023-10-06 08:17:11,966 [ERROR] ConfigurationRetriever:142 - IOException on connection: sw-center.st.com
2023-10-06 08:17:11,968 [ERROR] ConfigurationRetriever:142 - IOException on connection: sw-center.st.com
2023-10-06 08:17:14,441 [ERROR] ConfigurationRetriever:142 - IOException on connection: sw-center.st.com
2023-10-06 08:17:14,443 [ERROR] ConfigurationRetriever:142 - IOException on connection: sw-center.st.com
2023-10-06 08:17:14,498 [ERROR] ConfigurationRetriever:142 - IOException on connection: sw-center.st.com
2023-10-06 08:17:42,384 [ERROR] ConfigurationRetriever:142 - IOException on connection: sw-center.st.com
2023-10-06 08:17:42,387 [ERROR] ConfigurationRetriever:142 - IOException on connection: sw-center.st.com
2023-10-06 08:17:42,388 [ERROR] ConfigurationRetriever:142 - IOException on connection: sw-center.st.com
2023-10-06 08:18:02,053 [ERROR] ConfigurationRetriever:142 - IOException on connection: sw-center.st.com
2023-10-06 08:18:02,056 [ERROR] ConfigurationRetriever:142 - IOException on connection: sw-center.st.com
2023-10-06 08:18:02,057 [ERROR] ConfigurationRetriever:142 - IOException on connection: sw-center.st.com
2023-10-06 08:18:04,890 [ERROR] ConfigurationRetriever:142 - IOException on connection: sw-center.st.com
2023-10-06 08:18:04,891 [ERROR] ConfigurationRetriever:142 - IOException on connection: sw-center.st.com
2023-10-06 08:18:04,891 [ERROR] ConfigurationRetriever:142 - IOException on connection: sw-center.st.com
2023-10-06 08:20:21,141 [ERROR] ConfigurationRetriever:142 - IOException on connection: sw-center.st.com
2023-10-06 08:20:21,144 [ERROR] ConfigurationRetriever:142 - IOException on connection: sw-center.st.com
2023-10-06 08:20:21,145 [ERROR] ConfigurationRetriever:142 - IOException on connection: sw-center.st.com
2023-10-06 08:20:25,164 [ERROR] ConfigurationRetriever:142 - IOException on connection: sw-center.st.com
2023-10-06 08:20:25,165 [ERROR] ConfigurationRetriever:142 - IOException on connection: sw-center.st.com
2023-10-06 08:20:25,165 [ERROR] ConfigurationRetriever:142 - IOException on connection: sw-center.st.com
2023-10-06 08:20:58,580 [ERROR] ConfigurationRetriever:142 - IOException on connection: sw-center.st.com
2023-10-06 08:20:58,583 [ERROR] ConfigurationRetriever:142 - IOException on connection: sw-center.st.com
2023-10-06 08:20:58,584 [ERROR] ConfigurationRetriever:142 - IOException on connection: sw-center.st.com
2023-10-06 08:21:02,300 [ERROR] ConfigurationRetriever:142 - IOException on connection: sw-center.st.com
2023-10-06 08:21:02,301 [ERROR] ConfigurationRetriever:142 - IOException on connection: sw-center.st.com
2023-10-06 08:21:02,302 [ERROR] ConfigurationRetriever:142 - IOException on connection: sw-center.st.com
2023-10-06 08:22:08,572 [ERROR] ConfigurationRetriever:142 - IOException on connection: sw-center.st.com
2023-10-06 08:22:08,576 [ERROR] ConfigurationRetriever:142 - IOException on connection: sw-center.st.com
2023-10-06 08:22:08,577 [ERROR] ConfigurationRetriever:142 - IOException on connection: sw-center.st.com
2023-10-06 08:29:04,986 [ERROR] ConfigurationRetriever:142 - IOException on connection: sw-center.st.com
2023-10-06 08:29:04,989 [ERROR] ConfigurationRetriever:142 - IOException on connection: sw-center.st.com
2023-10-06 08:29:04,990 [ERROR] ConfigurationRetriever:142 - IOException on connection: sw-center.st.com
2023-10-06 08:29:22,803 [ERROR] ConfigurationRetriever:142 - IOException on connection: sw-center.st.com
2023-10-06 08:29:22,805 [ERROR] ConfigurationRetriever:142 - IOException on connection: sw-center.st.com
2023-10-06 08:29:22,863 [ERROR] ConfigurationRetriever:142 - IOException on connection: sw-center.st.com
2023-10-06 08:33:05,627 [ERROR] ConfigurationRetriever:142 - IOException on connection: sw-center.st.com
2023-10-06 08:33:05,629 [ERROR] ConfigurationRetriever:142 - IOException on connection: sw-center.st.com
2023-10-06 08:33:05,630 [ERROR] ConfigurationRetriever:142 - IOException on connection: sw-center.st.com
2023-10-06 08:33:10,891 [ERROR] ConfigurationRetriever:142 - IOException on connection: sw-center.st.com
2023-10-06 08:33:10,892 [ERROR] ConfigurationRetriever:142 - IOException on connection: sw-center.st.com
2023-10-06 08:33:10,893 [ERROR] ConfigurationRetriever:142 - IOException on connection: sw-center.st.com
2023-10-06 08:34:13,240 [ERROR] ConfigurationRetriever:142 - IOException on connection: sw-center.st.com
2023-10-06 08:34:13,242 [ERROR] ConfigurationRetriever:142 - IOException on connection: sw-center.st.com
2023-10-06 08:34:13,243 [ERROR] ConfigurationRetriever:142 - IOException on connection: sw-center.st.com
2023-10-06 08:34:25,948 [ERROR] ConfigurationRetriever:142 - IOException on connection: sw-center.st.com
2023-10-06 08:34:25,954 [ERROR] ConfigurationRetriever:142 - IOException on connection: sw-center.st.com
2023-10-06 08:34:25,955 [ERROR] ConfigurationRetriever:142 - IOException on connection: sw-center.st.com
2023-10-06 08:34:26,352 [ERROR] ConfigurationRetriever:142 - IOException on connection: sw-center.st.com
2023-10-06 08:34:26,353 [ERROR] ConfigurationRetriever:142 - IOException on connection: sw-center.st.com
2023-10-06 08:34:26,353 [ERROR] ConfigurationRetriever:142 - IOException on connection: sw-center.st.com
2023-10-06 08:35:03,206 [ERROR] ConfigurationRetriever:142 - IOException on connection: sw-center.st.com
2023-10-06 08:35:03,209 [ERROR] ConfigurationRetriever:142 - IOException on connection: sw-center.st.com
2023-10-06 08:35:03,210 [ERROR] ConfigurationRetriever:142 - IOException on connection: sw-center.st.com
2023-10-06 08:35:05,515 [ERROR] ConfigurationRetriever:142 - IOException on connection: sw-center.st.com
2023-10-06 08:35:05,516 [ERROR] ConfigurationRetriever:142 - IOException on connection: sw-center.st.com
2023-10-06 08:35:05,517 [ERROR] ConfigurationRetriever:142 - IOException on connection: sw-center.st.com
2023-10-06 14:03:43,922 [ERROR] ConfigurationRetriever:142 - IOException on connection: sw-center.st.com
2023-10-06 14:03:43,922 [ERROR] ConfigurationRetriever:142 - IOException on connection: sw-center.st.com
2023-10-06 14:03:43,923 [ERROR] ConfigurationRetriever:142 - IOException on connection: sw-center.st.com
2023-10-06 14:05:38,640 [ERROR] ConfigurationRetriever:142 - IOException on connection: sw-center.st.com
2023-10-06 14:05:38,641 [ERROR] ConfigurationRetriever:142 - IOException on connection: sw-center.st.com
2023-10-06 14:05:38,642 [ERROR] ConfigurationRetriever:142 - IOException on connection: sw-center.st.com
2023-10-06 14:06:43,373 [ERROR] ConfigurationRetriever:142 - IOException on connection: sw-center.st.com
2023-10-06 14:06:43,374 [ERROR] ConfigurationRetriever:142 - IOException on connection: sw-center.st.com
2023-10-06 14:06:43,374 [ERROR] ConfigurationRetriever:142 - IOException on connection: sw-center.st.com
2023-10-06 14:06:52,162 [ERROR] ConfigurationRetriever:142 - IOException on connection: sw-center.st.com
2023-10-06 14:06:52,163 [ERROR] ConfigurationRetriever:142 - IOException on connection: sw-center.st.com
2023-10-06 14:06:52,164 [ERROR] ConfigurationRetriever:142 - IOException on connection: sw-center.st.com
2023-10-06 14:07:10,147 [ERROR] ConfigurationRetriever:142 - IOException on connection: sw-center.st.com
2023-10-06 14:07:10,149 [ERROR] ConfigurationRetriever:142 - IOException on connection: sw-center.st.com
2023-10-06 14:07:10,150 [ERROR] ConfigurationRetriever:142 - IOException on connection: sw-center.st.com
2023-10-06 14:07:15,112 [ERROR] ConfigurationRetriever:142 - IOException on connection: sw-center.st.com
2023-10-06 14:07:15,113 [ERROR] ConfigurationRetriever:142 - IOException on connection: sw-center.st.com
2023-10-06 14:07:15,113 [ERROR] ConfigurationRetriever:142 - IOException on connection: sw-center.st.com
2023-10-06 14:09:34,340 [ERROR] ConfigurationRetriever:142 - IOException on connection: sw-center.st.com
2023-10-06 14:09:34,341 [ERROR] ConfigurationRetriever:142 - IOException on connection: sw-center.st.com
2023-10-06 14:09:34,342 [ERROR] ConfigurationRetriever:142 - IOException on connection: sw-center.st.com
2023-10-06 14:09:39,999 [ERROR] ConfigurationRetriever:142 - IOException on connection: sw-center.st.com
2023-10-06 14:09:40,000 [ERROR] ConfigurationRetriever:142 - IOException on connection: sw-center.st.com
2023-10-06 14:09:40,000 [ERROR] ConfigurationRetriever:142 - IOException on connection: sw-center.st.com
2023-10-06 14:11:12,387 [ERROR] ConfigurationRetriever:142 - IOException on connection: sw-center.st.com
2023-10-06 14:11:12,389 [ERROR] ConfigurationRetriever:142 - IOException on connection: sw-center.st.com
2023-10-06 14:11:12,389 [ERROR] ConfigurationRetriever:142 - IOException on connection: sw-center.st.com
2023-10-06 14:11:15,068 [ERROR] ConfigurationRetriever:142 - IOException on connection: sw-center.st.com
2023-10-06 14:11:15,069 [ERROR] ConfigurationRetriever:142 - IOException on connection: sw-center.st.com
2023-10-06 14:11:15,069 [ERROR] ConfigurationRetriever:142 - IOException on connection: sw-center.st.com
2023-10-06 14:14:10,194 [ERROR] ConfigurationRetriever:142 - IOException on connection: sw-center.st.com
2023-10-06 14:14:10,195 [ERROR] ConfigurationRetriever:142 - IOException on connection: sw-center.st.com
2023-10-06 14:14:10,196 [ERROR] ConfigurationRetriever:142 - IOException on connection: sw-center.st.com
2023-10-06 14:15:28,546 [ERROR] ConfigurationRetriever:142 - IOException on connection: sw-center.st.com
2023-10-06 14:15:28,548 [ERROR] ConfigurationRetriever:142 - IOException on connection: sw-center.st.com
2023-10-06 14:15:28,548 [ERROR] ConfigurationRetriever:142 - IOException on connection: sw-center.st.com
2023-10-06 14:15:28,874 [ERROR] ConfigurationRetriever:142 - IOException on connection: sw-center.st.com
2023-10-06 14:15:28,874 [ERROR] ConfigurationRetriever:142 - IOException on connection: sw-center.st.com
2023-10-06 14:15:28,874 [ERROR] ConfigurationRetriever:142 - IOException on connection: sw-center.st.com
2023-10-06 14:17:03,423 [ERROR] ConfigurationRetriever:142 - IOException on connection: sw-center.st.com
2023-10-06 14:17:03,425 [ERROR] ConfigurationRetriever:142 - IOException on connection: sw-center.st.com
2023-10-06 14:17:03,425 [ERROR] ConfigurationRetriever:142 - IOException on connection: sw-center.st.com
2023-10-06 14:17:08,776 [ERROR] ConfigurationRetriever:142 - IOException on connection: sw-center.st.com
2023-10-06 14:17:08,777 [ERROR] ConfigurationRetriever:142 - IOException on connection: sw-center.st.com
2023-10-06 14:17:08,777 [ERROR] ConfigurationRetriever:142 - IOException on connection: sw-center.st.com
2023-10-06 17:07:04,249 [INFO] Activator:176 - 


2023-10-06 17:07:04,251 [INFO] Activator:177 - !SESSION log4j initialized
2023-10-06 17:07:06,148 [INFO] LogOutputStream:77 - [STDOUT_REDIRECT] 
2023-10-06 17:07:26,832 [ERROR] LogOutputStream:75 - [STDERR_REDIRECT] SLF4J: Failed to load class "org.slf4j.impl.StaticLoggerBinder".
2023-10-06 17:07:26,833 [ERROR] LogOutputStream:75 - [STDERR_REDIRECT] SLF4J: Defaulting to no-operation (NOP) logger implementation
2023-10-06 17:07:26,833 [ERROR] LogOutputStream:75 - [STDERR_REDIRECT] SLF4J: See http://www.slf4j.org/codes.html#StaticLoggerBinder for further details.
