\BOOKMARK [1][-]{section*.2}{\376\377\000L\000i\000s\000t\000\040\000o\000f\000\040\000F\000i\000g\000u\000r\000e\000s}{}% 1
\BOOKMARK [1][-]{section*.3}{\376\377\000L\000i\000s\000t\000\040\000o\000f\000\040\000T\000a\000b\000l\000e\000s}{}% 2
\BOOKMARK [1][-]{section.1}{\376\377\000Q\000u\000e\000s\000t\000i\000o\000n\000\040\0001}{}% 3
\BOOKMARK [2][-]{section*.4}{\376\377\000A}{section.1}% 4
\BOOKMARK [2][-]{figure.1}{\376\377\000B}{section.1}% 5
\BOOKMARK [2][-]{Item.2}{\376\377\000C}{section.1}% 6
\BOOKMARK [1][-]{section.2}{\376\377\000Q\000u\000e\000s\000t\000i\000o\000n\000\040\0002}{}% 7
\BOOKMARK [2][-]{section*.5}{\376\377\000A}{section.2}% 8
\BOOKMARK [2][-]{Item.4}{\376\377\000B}{section.2}% 9
\BOOKMARK [2][-]{Item.5}{\376\377\000C}{section.2}% 10
\BOOKMARK [2][-]{Item.6}{\376\377\000D}{section.2}% 11
\BOOKMARK [2][-]{table.1}{\376\377\000E}{section.2}% 12
\BOOKMARK [2][-]{Item.16}{\376\377\000F}{section.2}% 13
\BOOKMARK [1][-]{section.3}{\376\377\000Q\000u\000e\000s\000t\000i\000o\000n\000\040\0003}{}% 14
\BOOKMARK [2][-]{section*.6}{\376\377\0001}{section.3}% 15
\BOOKMARK [2][-]{Item.20}{\376\377\000B}{section.3}% 16
\BOOKMARK [2][-]{Item.24}{\376\377\000C}{section.3}% 17
\BOOKMARK [1][-]{section.4}{\376\377\000Q\000u\000e\000s\000t\000i\000o\000n\000\040\0004}{}% 18
\BOOKMARK [2][-]{section*.7}{\376\377\000A}{section.4}% 19
\BOOKMARK [2][-]{Item.45}{\376\377\000B}{section.4}% 20
\BOOKMARK [2][-]{Item.56}{\376\377\000C}{section.4}% 21
\BOOKMARK [2][-]{Item.71}{\376\377\000D}{section.4}% 22
